693   execve("./fact", ["./fact", "4"], 0x7fff61d7d120 /* 18 vars */) = 0
693   brk(NULL)                         = 0x5f95c7bb8000
693   arch_prctl(0x3001 /* ARCH_??? */, 0x7ffda7d50480) = -1 EINVAL (Invalid argument)
693   mmap(NULL, 8192, PROT_READ|PROT_WRITE, MAP_PRIVATE|MAP_ANONYMOUS, -1, 0) = 0x7dcdc5888000
693   access("/etc/ld.so.preload", R_OK) = -1 ENOENT (No such file or directory)
693   openat(AT_FDCWD, "/etc/ld.so.cache", O_RDONLY|O_CLOEXEC) = 3
693   newfstatat(3, "", {st_mode=S_IFREG|0644, st_size=29392, ...}, AT_EMPTY_PATH) = 0
693   mmap(NULL, 29392, PROT_READ, MAP_PRIVATE, 3, 0) = 0x7dcdc5880000
693   close(3)                          = 0
693   openat(AT_FDCWD, "/lib/x86_64-linux-gnu/libc.so.6", O_RDONLY|O_CLOEXEC) = 3
693   read(3, "\177ELF\2\1\1\3\0\0\0\0\0\0\0\0\3\0>\0\1\0\0\0P\237\2\0\0\0\0\0"..., 832) = 832
693   pread64(3, "\6\0\0\0\4\0\0\0@\0\0\0\0\0\0\0@\0\0\0\0\0\0\0@\0\0\0\0\0\0\0"..., 784, 64) = 784
693   pread64(3, "\4\0\0\0 \0\0\0\5\0\0\0GNU\0\2\0\0\300\4\0\0\0\3\0\0\0\0\0\0\0"..., 48, 848) = 48
693   pread64(3, "\4\0\0\0\24\0\0\0\3\0\0\0GNU\0\325\31p\226\367\t\200\30)\261\30\257\33|\366c"..., 68, 896) = 68
693   newfstatat(3, "", {st_mode=S_IFREG|0755, st_size=2220400, ...}, AT_EMPTY_PATH) = 0
693   pread64(3, "\6\0\0\0\4\0\0\0@\0\0\0\0\0\0\0@\0\0\0\0\0\0\0@\0\0\0\0\0\0\0"..., 784, 64) = 784
693   mmap(NULL, 2264656, PROT_READ, MAP_PRIVATE|MAP_DENYWRITE, 3, 0) = 0x7dcdc5657000
693   mprotect(0x7dcdc567f000, 2023424, PROT_NONE) = 0
693   mmap(0x7dcdc567f000, 1658880, PROT_READ|PROT_EXEC, MAP_PRIVATE|MAP_FIXED|MAP_DENYWRITE, 3, 0x28000) = 0x7dcdc567f000
693   mmap(0x7dcdc5814000, 360448, PROT_READ, MAP_PRIVATE|MAP_FIXED|MAP_DENYWRITE, 3, 0x1bd000) = 0x7dcdc5814000
693   mmap(0x7dcdc586d000, 24576, PROT_READ|PROT_WRITE, MAP_PRIVATE|MAP_FIXED|MAP_DENYWRITE, 3, 0x215000) = 0x7dcdc586d000
693   mmap(0x7dcdc5873000, 52816, PROT_READ|PROT_WRITE, MAP_PRIVATE|MAP_FIXED|MAP_ANONYMOUS, -1, 0) = 0x7dcdc5873000
693   close(3)                          = 0
693   mmap(NULL, 12288, PROT_READ|PROT_WRITE, MAP_PRIVATE|MAP_ANONYMOUS, -1, 0) = 0x7dcdc5654000
693   arch_prctl(ARCH_SET_FS, 0x7dcdc5654740) = 0
693   set_tid_address(0x7dcdc5654a10)   = 693
693   set_robust_list(0x7dcdc5654a20, 24) = 0
693   rseq(0x7dcdc56550e0, 0x20, 0, 0x53053053) = 0
693   mprotect(0x7dcdc586d000, 16384, PROT_READ) = 0
693   mprotect(0x5f95c6f06000, 4096, PROT_READ) = 0
693   mprotect(0x7dcdc58c2000, 8192, PROT_READ) = 0
693   prlimit64(0, RLIMIT_STACK, NULL, {rlim_cur=8192*1024, rlim_max=RLIM64_INFINITY}) = 0
693   munmap(0x7dcdc5880000, 29392)     = 0
693   execve("./fact", ["fact", "3", "4"], 0x7ffda7d50660 /* 18 vars */) = 0
693   brk(NULL)                         = 0x617602f1a000
693   arch_prctl(0x3001 /* ARCH_??? */, 0x7fff59b7b250) = -1 EINVAL (Invalid argument)
693   mmap(NULL, 8192, PROT_READ|PROT_WRITE, MAP_PRIVATE|MAP_ANONYMOUS, -1, 0) = 0x78ef6086f000
693   access("/etc/ld.so.preload", R_OK) = -1 ENOENT (No such file or directory)
693   openat(AT_FDCWD, "/etc/ld.so.cache", O_RDONLY|O_CLOEXEC) = 3
693   newfstatat(3, "", {st_mode=S_IFREG|0644, st_size=29392, ...}, AT_EMPTY_PATH) = 0
693   mmap(NULL, 29392, PROT_READ, MAP_PRIVATE, 3, 0) = 0x78ef60867000
693   close(3)                          = 0
693   openat(AT_FDCWD, "/lib/x86_64-linux-gnu/libc.so.6", O_RDONLY|O_CLOEXEC) = 3
693   read(3, "\177ELF\2\1\1\3\0\0\0\0\0\0\0\0\3\0>\0\1\0\0\0P\237\2\0\0\0\0\0"..., 832) = 832
693   pread64(3, "\6\0\0\0\4\0\0\0@\0\0\0\0\0\0\0@\0\0\0\0\0\0\0@\0\0\0\0\0\0\0"..., 784, 64) = 784
693   pread64(3, "\4\0\0\0 \0\0\0\5\0\0\0GNU\0\2\0\0\300\4\0\0\0\3\0\0\0\0\0\0\0"..., 48, 848) = 48
693   pread64(3, "\4\0\0\0\24\0\0\0\3\0\0\0GNU\0\325\31p\226\367\t\200\30)\261\30\257\33|\366c"..., 68, 896) = 68
693   newfstatat(3, "", {st_mode=S_IFREG|0755, st_size=2220400, ...}, AT_EMPTY_PATH) = 0
693   pread64(3, "\6\0\0\0\4\0\0\0@\0\0\0\0\0\0\0@\0\0\0\0\0\0\0@\0\0\0\0\0\0\0"..., 784, 64) = 784
693   mmap(NULL, 2264656, PROT_READ, MAP_PRIVATE|MAP_DENYWRITE, 3, 0) = 0x78ef6063e000
693   mprotect(0x78ef60666000, 2023424, PROT_NONE) = 0
693   mmap(0x78ef60666000, 1658880, PROT_READ|PROT_EXEC, MAP_PRIVATE|MAP_FIXED|MAP_DENYWRITE, 3, 0x28000) = 0x78ef60666000
693   mmap(0x78ef607fb000, 360448, PROT_READ, MAP_PRIVATE|MAP_FIXED|MAP_DENYWRITE, 3, 0x1bd000) = 0x78ef607fb000
693   mmap(0x78ef60854000, 24576, PROT_READ|PROT_WRITE, MAP_PRIVATE|MAP_FIXED|MAP_DENYWRITE, 3, 0x215000) = 0x78ef60854000
693   mmap(0x78ef6085a000, 52816, PROT_READ|PROT_WRITE, MAP_PRIVATE|MAP_FIXED|MAP_ANONYMOUS, -1, 0) = 0x78ef6085a000
693   close(3)                          = 0
693   mmap(NULL, 12288, PROT_READ|PROT_WRITE, MAP_PRIVATE|MAP_ANONYMOUS, -1, 0) = 0x78ef6063b000
693   arch_prctl(ARCH_SET_FS, 0x78ef6063b740) = 0
693   set_tid_address(0x78ef6063ba10)   = 693
693   set_robust_list(0x78ef6063ba20, 24) = 0
693   rseq(0x78ef6063c0e0, 0x20, 0, 0x53053053) = 0
693   mprotect(0x78ef60854000, 16384, PROT_READ) = 0
693   mprotect(0x6176010bf000, 4096, PROT_READ) = 0
693   mprotect(0x78ef608a9000, 8192, PROT_READ) = 0
693   prlimit64(0, RLIMIT_STACK, NULL, {rlim_cur=8192*1024, rlim_max=RLIM64_INFINITY}) = 0
693   munmap(0x78ef60867000, 29392)     = 0
693   execve("./fact", ["fact", "2", "12"], 0x7fff59b7b438 /* 18 vars */) = 0
693   brk(NULL)                         = 0x5caf6fd0f000
693   arch_prctl(0x3001 /* ARCH_??? */, 0x7ffd63c3e820) = -1 EINVAL (Invalid argument)
693   mmap(NULL, 8192, PROT_READ|PROT_WRITE, MAP_PRIVATE|MAP_ANONYMOUS, -1, 0) = 0x721aa47b2000
693   access("/etc/ld.so.preload", R_OK) = -1 ENOENT (No such file or directory)
693   openat(AT_FDCWD, "/etc/ld.so.cache", O_RDONLY|O_CLOEXEC) = 3
693   newfstatat(3, "", {st_mode=S_IFREG|0644, st_size=29392, ...}, AT_EMPTY_PATH) = 0
693   mmap(NULL, 29392, PROT_READ, MAP_PRIVATE, 3, 0) = 0x721aa47aa000
693   close(3)                          = 0
693   openat(AT_FDCWD, "/lib/x86_64-linux-gnu/libc.so.6", O_RDONLY|O_CLOEXEC) = 3
693   read(3, "\177ELF\2\1\1\3\0\0\0\0\0\0\0\0\3\0>\0\1\0\0\0P\237\2\0\0\0\0\0"..., 832) = 832
693   pread64(3, "\6\0\0\0\4\0\0\0@\0\0\0\0\0\0\0@\0\0\0\0\0\0\0@\0\0\0\0\0\0\0"..., 784, 64) = 784
693   pread64(3, "\4\0\0\0 \0\0\0\5\0\0\0GNU\0\2\0\0\300\4\0\0\0\3\0\0\0\0\0\0\0"..., 48, 848) = 48
693   pread64(3, "\4\0\0\0\24\0\0\0\3\0\0\0GNU\0\325\31p\226\367\t\200\30)\261\30\257\33|\366c"..., 68, 896) = 68
693   newfstatat(3, "", {st_mode=S_IFREG|0755, st_size=2220400, ...}, AT_EMPTY_PATH) = 0
693   pread64(3, "\6\0\0\0\4\0\0\0@\0\0\0\0\0\0\0@\0\0\0\0\0\0\0@\0\0\0\0\0\0\0"..., 784, 64) = 784
693   mmap(NULL, 2264656, PROT_READ, MAP_PRIVATE|MAP_DENYWRITE, 3, 0) = 0x721aa4581000
693   mprotect(0x721aa45a9000, 2023424, PROT_NONE) = 0
693   mmap(0x721aa45a9000, 1658880, PROT_READ|PROT_EXEC, MAP_PRIVATE|MAP_FIXED|MAP_DENYWRITE, 3, 0x28000) = 0x721aa45a9000
693   mmap(0x721aa473e000, 360448, PROT_READ, MAP_PRIVATE|MAP_FIXED|MAP_DENYWRITE, 3, 0x1bd000) = 0x721aa473e000
693   mmap(0x721aa4797000, 24576, PROT_READ|PROT_WRITE, MAP_PRIVATE|MAP_FIXED|MAP_DENYWRITE, 3, 0x215000) = 0x721aa4797000
693   mmap(0x721aa479d000, 52816, PROT_READ|PROT_WRITE, MAP_PRIVATE|MAP_FIXED|MAP_ANONYMOUS, -1, 0) = 0x721aa479d000
693   close(3)                          = 0
693   mmap(NULL, 12288, PROT_READ|PROT_WRITE, MAP_PRIVATE|MAP_ANONYMOUS, -1, 0) = 0x721aa457e000
693   arch_prctl(ARCH_SET_FS, 0x721aa457e740) = 0
693   set_tid_address(0x721aa457ea10)   = 693
693   set_robust_list(0x721aa457ea20, 24) = 0
693   rseq(0x721aa457f0e0, 0x20, 0, 0x53053053) = 0
693   mprotect(0x721aa4797000, 16384, PROT_READ) = 0
693   mprotect(0x5caf6e9ce000, 4096, PROT_READ) = 0
693   mprotect(0x721aa47ec000, 8192, PROT_READ) = 0
693   prlimit64(0, RLIMIT_STACK, NULL, {rlim_cur=8192*1024, rlim_max=RLIM64_INFINITY}) = 0
693   munmap(0x721aa47aa000, 29392)     = 0
693   newfstatat(1, "", {st_mode=S_IFIFO|0600, st_size=0, ...}, AT_EMPTY_PATH) = 0
693   getrandom("\xcf\x87\xc1\xa0\x32\x7e\x6b\xeb", 8, GRND_NONBLOCK) = 8
693   brk(NULL)                         = 0x5caf6fd0f000
693   brk(0x5caf6fd30000)               = 0x5caf6fd30000
693   write(1, "24\n", 3)               = 3
693   exit_group(1)                     = ?
693   +++ exited with 1 +++
