700   execve("./fact", ["./fact", "5"], 0x7ffc136bb180 /* 18 vars */) = 0
700   brk(NULL)                         = 0x5c10e9a56000
700   arch_prctl(0x3001 /* ARCH_??? */, 0x7ffe64eb0760) = -1 EINVAL (Invalid argument)
700   mmap(NULL, 8192, PROT_READ|PROT_WRITE, MAP_PRIVATE|MAP_ANONYMOUS, -1, 0) = 0x7bcef77f7000
700   access("/etc/ld.so.preload", R_OK) = -1 ENOENT (No such file or directory)
700   openat(AT_FDCWD, "/etc/ld.so.cache", O_RDONLY|O_CLOEXEC) = 3
700   newfstatat(3, "", {st_mode=S_IFREG|0644, st_size=29392, ...}, AT_EMPTY_PATH) = 0
700   mmap(NULL, 29392, PROT_READ, MAP_PRIVATE, 3, 0) = 0x7bcef77ef000
700   close(3)                          = 0
700   openat(AT_FDCWD, "/lib/x86_64-linux-gnu/libc.so.6", O_RDONLY|O_CLOEXEC) = 3
700   read(3, "\177ELF\2\1\1\3\0\0\0\0\0\0\0\0\3\0>\0\1\0\0\0P\237\2\0\0\0\0\0"..., 832) = 832
700   pread64(3, "\6\0\0\0\4\0\0\0@\0\0\0\0\0\0\0@\0\0\0\0\0\0\0@\0\0\0\0\0\0\0"..., 784, 64) = 784
700   pread64(3, "\4\0\0\0 \0\0\0\5\0\0\0GNU\0\2\0\0\300\4\0\0\0\3\0\0\0\0\0\0\0"..., 48, 848) = 48
700   pread64(3, "\4\0\0\0\24\0\0\0\3\0\0\0GNU\0\325\31p\226\367\t\200\30)\261\30\257\33|\366c"..., 68, 896) = 68
700   newfstatat(3, "", {st_mode=S_IFREG|0755, st_size=2220400, ...}, AT_EMPTY_PATH) = 0
700   pread64(3, "\6\0\0\0\4\0\0\0@\0\0\0\0\0\0\0@\0\0\0\0\0\0\0@\0\0\0\0\0\0\0"..., 784, 64) = 784
700   mmap(NULL, 2264656, PROT_READ, MAP_PRIVATE|MAP_DENYWRITE, 3, 0) = 0x7bcef75c6000
700   mprotect(0x7bcef75ee000, 2023424, PROT_NONE) = 0
700   mmap(0x7bcef75ee000, 1658880, PROT_READ|PROT_EXEC, MAP_PRIVATE|MAP_FIXED|MAP_DENYWRITE, 3, 0x28000) = 0x7bcef75ee000
700   mmap(0x7bcef7783000, 360448, PROT_READ, MAP_PRIVATE|MAP_FIXED|MAP_DENYWRITE, 3, 0x1bd000) = 0x7bcef7783000
700   mmap(0x7bcef77dc000, 24576, PROT_READ|PROT_WRITE, MAP_PRIVATE|MAP_FIXED|MAP_DENYWRITE, 3, 0x215000) = 0x7bcef77dc000
700   mmap(0x7bcef77e2000, 52816, PROT_READ|PROT_WRITE, MAP_PRIVATE|MAP_FIXED|MAP_ANONYMOUS, -1, 0) = 0x7bcef77e2000
700   close(3)                          = 0
700   mmap(NULL, 12288, PROT_READ|PROT_WRITE, MAP_PRIVATE|MAP_ANONYMOUS, -1, 0) = 0x7bcef75c3000
700   arch_prctl(ARCH_SET_FS, 0x7bcef75c3740) = 0
700   set_tid_address(0x7bcef75c3a10)   = 700
700   set_robust_list(0x7bcef75c3a20, 24) = 0
700   rseq(0x7bcef75c40e0, 0x20, 0, 0x53053053) = 0
700   mprotect(0x7bcef77dc000, 16384, PROT_READ) = 0
700   mprotect(0x5c10e97a1000, 4096, PROT_READ) = 0
700   mprotect(0x7bcef7831000, 8192, PROT_READ) = 0
700   prlimit64(0, RLIMIT_STACK, NULL, {rlim_cur=8192*1024, rlim_max=RLIM64_INFINITY}) = 0
700   munmap(0x7bcef77ef000, 29392)     = 0
700   execve("./fact", ["fact", "4", "5"], 0x7ffe64eb0940 /* 18 vars */) = 0
700   brk(NULL)                         = 0x5c9d46f3a000
700   arch_prctl(0x3001 /* ARCH_??? */, 0x7fff9f096600) = -1 EINVAL (Invalid argument)
700   mmap(NULL, 8192, PROT_READ|PROT_WRITE, MAP_PRIVATE|MAP_ANONYMOUS, -1, 0) = 0x72f456438000
700   access("/etc/ld.so.preload", R_OK) = -1 ENOENT (No such file or directory)
700   openat(AT_FDCWD, "/etc/ld.so.cache", O_RDONLY|O_CLOEXEC) = 3
700   newfstatat(3, "", {st_mode=S_IFREG|0644, st_size=29392, ...}, AT_EMPTY_PATH) = 0
700   mmap(NULL, 29392, PROT_READ, MAP_PRIVATE, 3, 0) = 0x72f456430000
700   close(3)                          = 0
700   openat(AT_FDCWD, "/lib/x86_64-linux-gnu/libc.so.6", O_RDONLY|O_CLOEXEC) = 3
700   read(3, "\177ELF\2\1\1\3\0\0\0\0\0\0\0\0\3\0>\0\1\0\0\0P\237\2\0\0\0\0\0"..., 832) = 832
700   pread64(3, "\6\0\0\0\4\0\0\0@\0\0\0\0\0\0\0@\0\0\0\0\0\0\0@\0\0\0\0\0\0\0"..., 784, 64) = 784
700   pread64(3, "\4\0\0\0 \0\0\0\5\0\0\0GNU\0\2\0\0\300\4\0\0\0\3\0\0\0\0\0\0\0"..., 48, 848) = 48
700   pread64(3, "\4\0\0\0\24\0\0\0\3\0\0\0GNU\0\325\31p\226\367\t\200\30)\261\30\257\33|\366c"..., 68, 896) = 68
700   newfstatat(3, "", {st_mode=S_IFREG|0755, st_size=2220400, ...}, AT_EMPTY_PATH) = 0
700   pread64(3, "\6\0\0\0\4\0\0\0@\0\0\0\0\0\0\0@\0\0\0\0\0\0\0@\0\0\0\0\0\0\0"..., 784, 64) = 784
700   mmap(NULL, 2264656, PROT_READ, MAP_PRIVATE|MAP_DENYWRITE, 3, 0) = 0x72f456207000
700   mprotect(0x72f45622f000, 2023424, PROT_NONE) = 0
700   mmap(0x72f45622f000, 1658880, PROT_READ|PROT_EXEC, MAP_PRIVATE|MAP_FIXED|MAP_DENYWRITE, 3, 0x28000) = 0x72f45622f000
700   mmap(0x72f4563c4000, 360448, PROT_READ, MAP_PRIVATE|MAP_FIXED|MAP_DENYWRITE, 3, 0x1bd000) = 0x72f4563c4000
700   mmap(0x72f45641d000, 24576, PROT_READ|PROT_WRITE, MAP_PRIVATE|MAP_FIXED|MAP_DENYWRITE, 3, 0x215000) = 0x72f45641d000
700   mmap(0x72f456423000, 52816, PROT_READ|PROT_WRITE, MAP_PRIVATE|MAP_FIXED|MAP_ANONYMOUS, -1, 0) = 0x72f456423000
700   close(3)                          = 0
700   mmap(NULL, 12288, PROT_READ|PROT_WRITE, MAP_PRIVATE|MAP_ANONYMOUS, -1, 0) = 0x72f456204000
700   arch_prctl(ARCH_SET_FS, 0x72f456204740) = 0
700   set_tid_address(0x72f456204a10)   = 700
700   set_robust_list(0x72f456204a20, 24) = 0
700   rseq(0x72f4562050e0, 0x20, 0, 0x53053053) = 0
700   mprotect(0x72f45641d000, 16384, PROT_READ) = 0
700   mprotect(0x5c9d45fca000, 4096, PROT_READ) = 0
700   mprotect(0x72f456472000, 8192, PROT_READ) = 0
700   prlimit64(0, RLIMIT_STACK, NULL, {rlim_cur=8192*1024, rlim_max=RLIM64_INFINITY}) = 0
700   munmap(0x72f456430000, 29392)     = 0
700   execve("./fact", ["fact", "3", "20"], 0x7fff9f0967e8 /* 18 vars */) = 0
700   brk(NULL)                         = 0x58a48a996000
700   arch_prctl(0x3001 /* ARCH_??? */, 0x7fffe024a890) = -1 EINVAL (Invalid argument)
700   mmap(NULL, 8192, PROT_READ|PROT_WRITE, MAP_PRIVATE|MAP_ANONYMOUS, -1, 0) = 0x7f6fcd84e000
700   access("/etc/ld.so.preload", R_OK) = -1 ENOENT (No such file or directory)
700   openat(AT_FDCWD, "/etc/ld.so.cache", O_RDONLY|O_CLOEXEC) = 3
700   newfstatat(3, "", {st_mode=S_IFREG|0644, st_size=29392, ...}, AT_EMPTY_PATH) = 0
700   mmap(NULL, 29392, PROT_READ, MAP_PRIVATE, 3, 0) = 0x7f6fcd846000
700   close(3)                          = 0
700   openat(AT_FDCWD, "/lib/x86_64-linux-gnu/libc.so.6", O_RDONLY|O_CLOEXEC) = 3
700   read(3, "\177ELF\2\1\1\3\0\0\0\0\0\0\0\0\3\0>\0\1\0\0\0P\237\2\0\0\0\0\0"..., 832) = 832
700   pread64(3, "\6\0\0\0\4\0\0\0@\0\0\0\0\0\0\0@\0\0\0\0\0\0\0@\0\0\0\0\0\0\0"..., 784, 64) = 784
700   pread64(3, "\4\0\0\0 \0\0\0\5\0\0\0GNU\0\2\0\0\300\4\0\0\0\3\0\0\0\0\0\0\0"..., 48, 848) = 48
700   pread64(3, "\4\0\0\0\24\0\0\0\3\0\0\0GNU\0\325\31p\226\367\t\200\30)\261\30\257\33|\366c"..., 68, 896) = 68
700   newfstatat(3, "", {st_mode=S_IFREG|0755, st_size=2220400, ...}, AT_EMPTY_PATH) = 0
700   pread64(3, "\6\0\0\0\4\0\0\0@\0\0\0\0\0\0\0@\0\0\0\0\0\0\0@\0\0\0\0\0\0\0"..., 784, 64) = 784
700   mmap(NULL, 2264656, PROT_READ, MAP_PRIVATE|MAP_DENYWRITE, 3, 0) = 0x7f6fcd61d000
700   mprotect(0x7f6fcd645000, 2023424, PROT_NONE) = 0
700   mmap(0x7f6fcd645000, 1658880, PROT_READ|PROT_EXEC, MAP_PRIVATE|MAP_FIXED|MAP_DENYWRITE, 3, 0x28000) = 0x7f6fcd645000
700   mmap(0x7f6fcd7da000, 360448, PROT_READ, MAP_PRIVATE|MAP_FIXED|MAP_DENYWRITE, 3, 0x1bd000) = 0x7f6fcd7da000
700   mmap(0x7f6fcd833000, 24576, PROT_READ|PROT_WRITE, MAP_PRIVATE|MAP_FIXED|MAP_DENYWRITE, 3, 0x215000) = 0x7f6fcd833000
700   mmap(0x7f6fcd839000, 52816, PROT_READ|PROT_WRITE, MAP_PRIVATE|MAP_FIXED|MAP_ANONYMOUS, -1, 0) = 0x7f6fcd839000
700   close(3)                          = 0
700   mmap(NULL, 12288, PROT_READ|PROT_WRITE, MAP_PRIVATE|MAP_ANONYMOUS, -1, 0) = 0x7f6fcd61a000
700   arch_prctl(ARCH_SET_FS, 0x7f6fcd61a740) = 0
700   set_tid_address(0x7f6fcd61aa10)   = 700
700   set_robust_list(0x7f6fcd61aa20, 24) = 0
700   rseq(0x7f6fcd61b0e0, 0x20, 0, 0x53053053) = 0
700   mprotect(0x7f6fcd833000, 16384, PROT_READ) = 0
700   mprotect(0x58a48a414000, 4096, PROT_READ) = 0
700   mprotect(0x7f6fcd888000, 8192, PROT_READ) = 0
700   prlimit64(0, RLIMIT_STACK, NULL, {rlim_cur=8192*1024, rlim_max=RLIM64_INFINITY}) = 0
700   munmap(0x7f6fcd846000, 29392)     = 0
700   execve("./fact", ["fact", "2", "60"], 0x7fffe024aa78 /* 18 vars */) = 0
700   brk(NULL)                         = 0x64bf90b6a000
700   arch_prctl(0x3001 /* ARCH_??? */, 0x7ffd3963a7a0) = -1 EINVAL (Invalid argument)
700   mmap(NULL, 8192, PROT_READ|PROT_WRITE, MAP_PRIVATE|MAP_ANONYMOUS, -1, 0) = 0x733706525000
700   access("/etc/ld.so.preload", R_OK) = -1 ENOENT (No such file or directory)
700   openat(AT_FDCWD, "/etc/ld.so.cache", O_RDONLY|O_CLOEXEC) = 3
700   newfstatat(3, "", {st_mode=S_IFREG|0644, st_size=29392, ...}, AT_EMPTY_PATH) = 0
700   mmap(NULL, 29392, PROT_READ, MAP_PRIVATE, 3, 0) = 0x73370651d000
700   close(3)                          = 0
700   openat(AT_FDCWD, "/lib/x86_64-linux-gnu/libc.so.6", O_RDONLY|O_CLOEXEC) = 3
700   read(3, "\177ELF\2\1\1\3\0\0\0\0\0\0\0\0\3\0>\0\1\0\0\0P\237\2\0\0\0\0\0"..., 832) = 832
700   pread64(3, "\6\0\0\0\4\0\0\0@\0\0\0\0\0\0\0@\0\0\0\0\0\0\0@\0\0\0\0\0\0\0"..., 784, 64) = 784
700   pread64(3, "\4\0\0\0 \0\0\0\5\0\0\0GNU\0\2\0\0\300\4\0\0\0\3\0\0\0\0\0\0\0"..., 48, 848) = 48
700   pread64(3, "\4\0\0\0\24\0\0\0\3\0\0\0GNU\0\325\31p\226\367\t\200\30)\261\30\257\33|\366c"..., 68, 896) = 68
700   newfstatat(3, "", {st_mode=S_IFREG|0755, st_size=2220400, ...}, AT_EMPTY_PATH) = 0
700   pread64(3, "\6\0\0\0\4\0\0\0@\0\0\0\0\0\0\0@\0\0\0\0\0\0\0@\0\0\0\0\0\0\0"..., 784, 64) = 784
700   mmap(NULL, 2264656, PROT_READ, MAP_PRIVATE|MAP_DENYWRITE, 3, 0) = 0x7337062f4000
700   mprotect(0x73370631c000, 2023424, PROT_NONE) = 0
700   mmap(0x73370631c000, 1658880, PROT_READ|PROT_EXEC, MAP_PRIVATE|MAP_FIXED|MAP_DENYWRITE, 3, 0x28000) = 0x73370631c000
700   mmap(0x7337064b1000, 360448, PROT_READ, MAP_PRIVATE|MAP_FIXED|MAP_DENYWRITE, 3, 0x1bd000) = 0x7337064b1000
700   mmap(0x73370650a000, 24576, PROT_READ|PROT_WRITE, MAP_PRIVATE|MAP_FIXED|MAP_DENYWRITE, 3, 0x215000) = 0x73370650a000
700   mmap(0x733706510000, 52816, PROT_READ|PROT_WRITE, MAP_PRIVATE|MAP_FIXED|MAP_ANONYMOUS, -1, 0) = 0x733706510000
700   close(3)                          = 0
700   mmap(NULL, 12288, PROT_READ|PROT_WRITE, MAP_PRIVATE|MAP_ANONYMOUS, -1, 0) = 0x7337062f1000
700   arch_prctl(ARCH_SET_FS, 0x7337062f1740) = 0
700   set_tid_address(0x7337062f1a10)   = 700
700   set_robust_list(0x7337062f1a20, 24) = 0
700   rseq(0x7337062f20e0, 0x20, 0, 0x53053053) = 0
700   mprotect(0x73370650a000, 16384, PROT_READ) = 0
700   mprotect(0x64bf8f3ac000, 4096, PROT_READ) = 0
700   mprotect(0x73370655f000, 8192, PROT_READ) = 0
700   prlimit64(0, RLIMIT_STACK, NULL, {rlim_cur=8192*1024, rlim_max=RLIM64_INFINITY}) = 0
700   munmap(0x73370651d000, 29392)     = 0
700   newfstatat(1, "", {st_mode=S_IFIFO|0600, st_size=0, ...}, AT_EMPTY_PATH) = 0
700   getrandom("\xab\xba\x61\x24\x7a\x50\x6e\xe4", 8, GRND_NONBLOCK) = 8
700   brk(NULL)                         = 0x64bf90b6a000
700   brk(0x64bf90b8b000)               = 0x64bf90b8b000
700   write(1, "120\n", 4)              = 4
700   exit_group(1)                     = ?
700   +++ exited with 1 +++
