707   execve("./fact", ["./fact", "6"], 0x7fff4d2b2ed0 /* 18 vars */) = 0
707   brk(NULL)                         = 0x57b47b7b2000
707   arch_prctl(0x3001 /* ARCH_??? */, 0x7ffe7f1c4f90) = -1 EINVAL (Invalid argument)
707   mmap(NULL, 8192, PROT_READ|PROT_WRITE, MAP_PRIVATE|MAP_ANONYMOUS, -1, 0) = 0x7fba6d08f000
707   access("/etc/ld.so.preload", R_OK) = -1 ENOENT (No such file or directory)
707   openat(AT_FDCWD, "/etc/ld.so.cache", O_RDONLY|O_CLOEXEC) = 3
707   newfstatat(3, "", {st_mode=S_IFREG|0644, st_size=29392, ...}, AT_EMPTY_PATH) = 0
707   mmap(NULL, 29392, PROT_READ, MAP_PRIVATE, 3, 0) = 0x7fba6d087000
707   close(3)                          = 0
707   openat(AT_FDCWD, "/lib/x86_64-linux-gnu/libc.so.6", O_RDONLY|O_CLOEXEC) = 3
707   read(3, "\177ELF\2\1\1\3\0\0\0\0\0\0\0\0\3\0>\0\1\0\0\0P\237\2\0\0\0\0\0"..., 832) = 832
707   pread64(3, "\6\0\0\0\4\0\0\0@\0\0\0\0\0\0\0@\0\0\0\0\0\0\0@\0\0\0\0\0\0\0"..., 784, 64) = 784
707   pread64(3, "\4\0\0\0 \0\0\0\5\0\0\0GNU\0\2\0\0\300\4\0\0\0\3\0\0\0\0\0\0\0"..., 48, 848) = 48
707   pread64(3, "\4\0\0\0\24\0\0\0\3\0\0\0GNU\0\325\31p\226\367\t\200\30)\261\30\257\33|\366c"..., 68, 896) = 68
707   newfstatat(3, "", {st_mode=S_IFREG|0755, st_size=2220400, ...}, AT_EMPTY_PATH) = 0
707   pread64(3, "\6\0\0\0\4\0\0\0@\0\0\0\0\0\0\0@\0\0\0\0\0\0\0@\0\0\0\0\0\0\0"..., 784, 64) = 784
707   mmap(NULL, 2264656, PROT_READ, MAP_PRIVATE|MAP_DENYWRITE, 3, 0) = 0x7fba6ce5e000
707   mprotect(0x7fba6ce86000, 2023424, PROT_NONE) = 0
707   mmap(0x7fba6ce86000, 1658880, PROT_READ|PROT_EXEC, MAP_PRIVATE|MAP_FIXED|MAP_DENYWRITE, 3, 0x28000) = 0x7fba6ce86000
707   mmap(0x7fba6d01b000, 360448, PROT_READ, MAP_PRIVATE|MAP_FIXED|MAP_DENYWRITE, 3, 0x1bd000) = 0x7fba6d01b000
707   mmap(0x7fba6d074000, 24576, PROT_READ|PROT_WRITE, MAP_PRIVATE|MAP_FIXED|MAP_DENYWRITE, 3, 0x215000) = 0x7fba6d074000
707   mmap(0x7fba6d07a000, 52816, PROT_READ|PROT_WRITE, MAP_PRIVATE|MAP_FIXED|MAP_ANONYMOUS, -1, 0) = 0x7fba6d07a000
707   close(3)                          = 0
707   mmap(NULL, 12288, PROT_READ|PROT_WRITE, MAP_PRIVATE|MAP_ANONYMOUS, -1, 0) = 0x7fba6ce5b000
707   arch_prctl(ARCH_SET_FS, 0x7fba6ce5b740) = 0
707   set_tid_address(0x7fba6ce5ba10)   = 707
707   set_robust_list(0x7fba6ce5ba20, 24) = 0
707   rseq(0x7fba6ce5c0e0, 0x20, 0, 0x53053053) = 0
707   mprotect(0x7fba6d074000, 16384, PROT_READ) = 0
707   mprotect(0x57b47b136000, 4096, PROT_READ) = 0
707   mprotect(0x7fba6d0c9000, 8192, PROT_READ) = 0
707   prlimit64(0, RLIMIT_STACK, NULL, {rlim_cur=8192*1024, rlim_max=RLIM64_INFINITY}) = 0
707   munmap(0x7fba6d087000, 29392)     = 0
707   execve("./fact", ["fact", "5", "6"], 0x7ffe7f1c5170 /* 18 vars */) = 0
707   brk(NULL)                         = 0x56489de60000
707   arch_prctl(0x3001 /* ARCH_??? */, 0x7fff5a605e40) = -1 EINVAL (Invalid argument)
707   mmap(NULL, 8192, PROT_READ|PROT_WRITE, MAP_PRIVATE|MAP_ANONYMOUS, -1, 0) = 0x778cdf239000
707   access("/etc/ld.so.preload", R_OK) = -1 ENOENT (No such file or directory)
707   openat(AT_FDCWD, "/etc/ld.so.cache", O_RDONLY|O_CLOEXEC) = 3
707   newfstatat(3, "", {st_mode=S_IFREG|0644, st_size=29392, ...}, AT_EMPTY_PATH) = 0
707   mmap(NULL, 29392, PROT_READ, MAP_PRIVATE, 3, 0) = 0x778cdf231000
707   close(3)                          = 0
707   openat(AT_FDCWD, "/lib/x86_64-linux-gnu/libc.so.6", O_RDONLY|O_CLOEXEC) = 3
707   read(3, "\177ELF\2\1\1\3\0\0\0\0\0\0\0\0\3\0>\0\1\0\0\0P\237\2\0\0\0\0\0"..., 832) = 832
707   pread64(3, "\6\0\0\0\4\0\0\0@\0\0\0\0\0\0\0@\0\0\0\0\0\0\0@\0\0\0\0\0\0\0"..., 784, 64) = 784
707   pread64(3, "\4\0\0\0 \0\0\0\5\0\0\0GNU\0\2\0\0\300\4\0\0\0\3\0\0\0\0\0\0\0"..., 48, 848) = 48
707   pread64(3, "\4\0\0\0\24\0\0\0\3\0\0\0GNU\0\325\31p\226\367\t\200\30)\261\30\257\33|\366c"..., 68, 896) = 68
707   newfstatat(3, "", {st_mode=S_IFREG|0755, st_size=2220400, ...}, AT_EMPTY_PATH) = 0
707   pread64(3, "\6\0\0\0\4\0\0\0@\0\0\0\0\0\0\0@\0\0\0\0\0\0\0@\0\0\0\0\0\0\0"..., 784, 64) = 784
707   mmap(NULL, 2264656, PROT_READ, MAP_PRIVATE|MAP_DENYWRITE, 3, 0) = 0x778cdf008000
707   mprotect(0x778cdf030000, 2023424, PROT_NONE) = 0
707   mmap(0x778cdf030000, 1658880, PROT_READ|PROT_EXEC, MAP_PRIVATE|MAP_FIXED|MAP_DENYWRITE, 3, 0x28000) = 0x778cdf030000
707   mmap(0x778cdf1c5000, 360448, PROT_READ, MAP_PRIVATE|MAP_FIXED|MAP_DENYWRITE, 3, 0x1bd000) = 0x778cdf1c5000
707   mmap(0x778cdf21e000, 24576, PROT_READ|PROT_WRITE, MAP_PRIVATE|MAP_FIXED|MAP_DENYWRITE, 3, 0x215000) = 0x778cdf21e000
707   mmap(0x778cdf224000, 52816, PROT_READ|PROT_WRITE, MAP_PRIVATE|MAP_FIXED|MAP_ANONYMOUS, -1, 0) = 0x778cdf224000
707   close(3)                          = 0
707   mmap(NULL, 12288, PROT_READ|PROT_WRITE, MAP_PRIVATE|MAP_ANONYMOUS, -1, 0) = 0x778cdf005000
707   arch_prctl(ARCH_SET_FS, 0x778cdf005740) = 0
707   set_tid_address(0x778cdf005a10)   = 707
707   set_robust_list(0x778cdf005a20, 24) = 0
707   rseq(0x778cdf0060e0, 0x20, 0, 0x53053053) = 0
707   mprotect(0x778cdf21e000, 16384, PROT_READ) = 0
707   mprotect(0x56489c629000, 4096, PROT_READ) = 0
707   mprotect(0x778cdf273000, 8192, PROT_READ) = 0
707   prlimit64(0, RLIMIT_STACK, NULL, {rlim_cur=8192*1024, rlim_max=RLIM64_INFINITY}) = 0
707   munmap(0x778cdf231000, 29392)     = 0
707   execve("./fact", ["fact", "4", "30"], 0x7fff5a606028 /* 18 vars */) = 0
707   brk(NULL)                         = 0x5d509ea91000
707   arch_prctl(0x3001 /* ARCH_??? */, 0x7ffe006351d0) = -1 EINVAL (Invalid argument)
707   mmap(NULL, 8192, PROT_READ|PROT_WRITE, MAP_PRIVATE|MAP_ANONYMOUS, -1, 0) = 0x7f78f8059000
707   access("/etc/ld.so.preload", R_OK) = -1 ENOENT (No such file or directory)
707   openat(AT_FDCWD, "/etc/ld.so.cache", O_RDONLY|O_CLOEXEC) = 3
707   newfstatat(3, "", {st_mode=S_IFREG|0644, st_size=29392, ...}, AT_EMPTY_PATH) = 0
707   mmap(NULL, 29392, PROT_READ, MAP_PRIVATE, 3, 0) = 0x7f78f8051000
707   close(3)                          = 0
707   openat(AT_FDCWD, "/lib/x86_64-linux-gnu/libc.so.6", O_RDONLY|O_CLOEXEC) = 3
707   read(3, "\177ELF\2\1\1\3\0\0\0\0\0\0\0\0\3\0>\0\1\0\0\0P\237\2\0\0\0\0\0"..., 832) = 832
707   pread64(3, "\6\0\0\0\4\0\0\0@\0\0\0\0\0\0\0@\0\0\0\0\0\0\0@\0\0\0\0\0\0\0"..., 784, 64) = 784
707   pread64(3, "\4\0\0\0 \0\0\0\5\0\0\0GNU\0\2\0\0\300\4\0\0\0\3\0\0\0\0\0\0\0"..., 48, 848) = 48
707   pread64(3, "\4\0\0\0\24\0\0\0\3\0\0\0GNU\0\325\31p\226\367\t\200\30)\261\30\257\33|\366c"..., 68, 896) = 68
707   newfstatat(3, "", {st_mode=S_IFREG|0755, st_size=2220400, ...}, AT_EMPTY_PATH) = 0
707   pread64(3, "\6\0\0\0\4\0\0\0@\0\0\0\0\0\0\0@\0\0\0\0\0\0\0@\0\0\0\0\0\0\0"..., 784, 64) = 784
707   mmap(NULL, 2264656, PROT_READ, MAP_PRIVATE|MAP_DENYWRITE, 3, 0) = 0x7f78f7e28000
707   mprotect(0x7f78f7e50000, 2023424, PROT_NONE) = 0
707   mmap(0x7f78f7e50000, 1658880, PROT_READ|PROT_EXEC, MAP_PRIVATE|MAP_FIXED|MAP_DENYWRITE, 3, 0x28000) = 0x7f78f7e50000
707   mmap(0x7f78f7fe5000, 360448, PROT_READ, MAP_PRIVATE|MAP_FIXED|MAP_DENYWRITE, 3, 0x1bd000) = 0x7f78f7fe5000
707   mmap(0x7f78f803e000, 24576, PROT_READ|PROT_WRITE, MAP_PRIVATE|MAP_FIXED|MAP_DENYWRITE, 3, 0x215000) = 0x7f78f803e000
707   mmap(0x7f78f8044000, 52816, PROT_READ|PROT_WRITE, MAP_PRIVATE|MAP_FIXED|MAP_ANONYMOUS, -1, 0) = 0x7f78f8044000
707   close(3)                          = 0
707   mmap(NULL, 12288, PROT_READ|PROT_WRITE, MAP_PRIVATE|MAP_ANONYMOUS, -1, 0) = 0x7f78f7e25000
707   arch_prctl(ARCH_SET_FS, 0x7f78f7e25740) = 0
707   set_tid_address(0x7f78f7e25a10)   = 707
707   set_robust_list(0x7f78f7e25a20, 24) = 0
707   rseq(0x7f78f7e260e0, 0x20, 0, 0x53053053) = 0
707   mprotect(0x7f78f803e000, 16384, PROT_READ) = 0
707   mprotect(0x5d509d76d000, 4096, PROT_READ) = 0
707   mprotect(0x7f78f8093000, 8192, PROT_READ) = 0
707   prlimit64(0, RLIMIT_STACK, NULL, {rlim_cur=8192*1024, rlim_max=RLIM64_INFINITY}) = 0
707   munmap(0x7f78f8051000, 29392)     = 0
707   execve("./fact", ["fact", "3", "120"], 0x7ffe006353b8 /* 18 vars */) = 0
707   brk(NULL)                         = 0x593bc644f000
707   arch_prctl(0x3001 /* ARCH_??? */, 0x7fffbdab0260) = -1 EINVAL (Invalid argument)
707   mmap(NULL, 8192, PROT_READ|PROT_WRITE, MAP_PRIVATE|MAP_ANONYMOUS, -1, 0) = 0x7c857be65000
707   access("/etc/ld.so.preload", R_OK) = -1 ENOENT (No such file or directory)
707   openat(AT_FDCWD, "/etc/ld.so.cache", O_RDONLY|O_CLOEXEC) = 3
707   newfstatat(3, "", {st_mode=S_IFREG|0644, st_size=29392, ...}, AT_EMPTY_PATH) = 0
707   mmap(NULL, 29392, PROT_READ, MAP_PRIVATE, 3, 0) = 0x7c857be5d000
707   close(3)                          = 0
707   openat(AT_FDCWD, "/lib/x86_64-linux-gnu/libc.so.6", O_RDONLY|O_CLOEXEC) = 3
707   read(3, "\177ELF\2\1\1\3\0\0\0\0\0\0\0\0\3\0>\0\1\0\0\0P\237\2\0\0\0\0\0"..., 832) = 832
707   pread64(3, "\6\0\0\0\4\0\0\0@\0\0\0\0\0\0\0@\0\0\0\0\0\0\0@\0\0\0\0\0\0\0"..., 784, 64) = 784
707   pread64(3, "\4\0\0\0 \0\0\0\5\0\0\0GNU\0\2\0\0\300\4\0\0\0\3\0\0\0\0\0\0\0"..., 48, 848) = 48
707   pread64(3, "\4\0\0\0\24\0\0\0\3\0\0\0GNU\0\325\31p\226\367\t\200\30)\261\30\257\33|\366c"..., 68, 896) = 68
707   newfstatat(3, "", {st_mode=S_IFREG|0755, st_size=2220400, ...}, AT_EMPTY_PATH) = 0
707   pread64(3, "\6\0\0\0\4\0\0\0@\0\0\0\0\0\0\0@\0\0\0\0\0\0\0@\0\0\0\0\0\0\0"..., 784, 64) = 784
707   mmap(NULL, 2264656, PROT_READ, MAP_PRIVATE|MAP_DENYWRITE, 3, 0) = 0x7c857bc34000
707   mprotect(0x7c857bc5c000, 2023424, PROT_NONE) = 0
707   mmap(0x7c857bc5c000, 1658880, PROT_READ|PROT_EXEC, MAP_PRIVATE|MAP_FIXED|MAP_DENYWRITE, 3, 0x28000) = 0x7c857bc5c000
707   mmap(0x7c857bdf1000, 360448, PROT_READ, MAP_PRIVATE|MAP_FIXED|MAP_DENYWRITE, 3, 0x1bd000) = 0x7c857bdf1000
707   mmap(0x7c857be4a000, 24576, PROT_READ|PROT_WRITE, MAP_PRIVATE|MAP_FIXED|MAP_DENYWRITE, 3, 0x215000) = 0x7c857be4a000
707   mmap(0x7c857be50000, 52816, PROT_READ|PROT_WRITE, MAP_PRIVATE|MAP_FIXED|MAP_ANONYMOUS, -1, 0) = 0x7c857be50000
707   close(3)                          = 0
707   mmap(NULL, 12288, PROT_READ|PROT_WRITE, MAP_PRIVATE|MAP_ANONYMOUS, -1, 0) = 0x7c857bc31000
707   arch_prctl(ARCH_SET_FS, 0x7c857bc31740) = 0
707   set_tid_address(0x7c857bc31a10)   = 707
707   set_robust_list(0x7c857bc31a20, 24) = 0
707   rseq(0x7c857bc320e0, 0x20, 0, 0x53053053) = 0
707   mprotect(0x7c857be4a000, 16384, PROT_READ) = 0
707   mprotect(0x593bc5b76000, 4096, PROT_READ) = 0
707   mprotect(0x7c857be9f000, 8192, PROT_READ) = 0
707   prlimit64(0, RLIMIT_STACK, NULL, {rlim_cur=8192*1024, rlim_max=RLIM64_INFINITY}) = 0
707   munmap(0x7c857be5d000, 29392)     = 0
707   execve("./fact", ["fact", "2", "360"], 0x7fffbdab0448 /* 18 vars */) = 0
707   brk(NULL)                         = 0x5e7b71b93000
707   arch_prctl(0x3001 /* ARCH_??? */, 0x7ffd8f7dac50) = -1 EINVAL (Invalid argument)
707   mmap(NULL, 8192, PROT_READ|PROT_WRITE, MAP_PRIVATE|MAP_ANONYMOUS, -1, 0) = 0x7bbfd904f000
707   access("/etc/ld.so.preload", R_OK) = -1 ENOENT (No such file or directory)
707   openat(AT_FDCWD, "/etc/ld.so.cache", O_RDONLY|O_CLOEXEC) = 3
707   newfstatat(3, "", {st_mode=S_IFREG|0644, st_size=29392, ...}, AT_EMPTY_PATH) = 0
707   mmap(NULL, 29392, PROT_READ, MAP_PRIVATE, 3, 0) = 0x7bbfd9047000
707   close(3)                          = 0
707   openat(AT_FDCWD, "/lib/x86_64-linux-gnu/libc.so.6", O_RDONLY|O_CLOEXEC) = 3
707   read(3, "\177ELF\2\1\1\3\0\0\0\0\0\0\0\0\3\0>\0\1\0\0\0P\237\2\0\0\0\0\0"..., 832) = 832
707   pread64(3, "\6\0\0\0\4\0\0\0@\0\0\0\0\0\0\0@\0\0\0\0\0\0\0@\0\0\0\0\0\0\0"..., 784, 64) = 784
707   pread64(3, "\4\0\0\0 \0\0\0\5\0\0\0GNU\0\2\0\0\300\4\0\0\0\3\0\0\0\0\0\0\0"..., 48, 848) = 48
707   pread64(3, "\4\0\0\0\24\0\0\0\3\0\0\0GNU\0\325\31p\226\367\t\200\30)\261\30\257\33|\366c"..., 68, 896) = 68
707   newfstatat(3, "", {st_mode=S_IFREG|0755, st_size=2220400, ...}, AT_EMPTY_PATH) = 0
707   pread64(3, "\6\0\0\0\4\0\0\0@\0\0\0\0\0\0\0@\0\0\0\0\0\0\0@\0\0\0\0\0\0\0"..., 784, 64) = 784
707   mmap(NULL, 2264656, PROT_READ, MAP_PRIVATE|MAP_DENYWRITE, 3, 0) = 0x7bbfd8e1e000
707   mprotect(0x7bbfd8e46000, 2023424, PROT_NONE) = 0
707   mmap(0x7bbfd8e46000, 1658880, PROT_READ|PROT_EXEC, MAP_PRIVATE|MAP_FIXED|MAP_DENYWRITE, 3, 0x28000) = 0x7bbfd8e46000
707   mmap(0x7bbfd8fdb000, 360448, PROT_READ, MAP_PRIVATE|MAP_FIXED|MAP_DENYWRITE, 3, 0x1bd000) = 0x7bbfd8fdb000
707   mmap(0x7bbfd9034000, 24576, PROT_READ|PROT_WRITE, MAP_PRIVATE|MAP_FIXED|MAP_DENYWRITE, 3, 0x215000) = 0x7bbfd9034000
707   mmap(0x7bbfd903a000, 52816, PROT_READ|PROT_WRITE, MAP_PRIVATE|MAP_FIXED|MAP_ANONYMOUS, -1, 0) = 0x7bbfd903a000
707   close(3)                          = 0
707   mmap(NULL, 12288, PROT_READ|PROT_WRITE, MAP_PRIVATE|MAP_ANONYMOUS, -1, 0) = 0x7bbfd8e1b000
707   arch_prctl(ARCH_SET_FS, 0x7bbfd8e1b740) = 0
707   set_tid_address(0x7bbfd8e1ba10)   = 707
707   set_robust_list(0x7bbfd8e1ba20, 24) = 0
707   rseq(0x7bbfd8e1c0e0, 0x20, 0, 0x53053053) = 0
707   mprotect(0x7bbfd9034000, 16384, PROT_READ) = 0
707   mprotect(0x5e7b70abb000, 4096, PROT_READ) = 0
707   mprotect(0x7bbfd9089000, 8192, PROT_READ) = 0
707   prlimit64(0, RLIMIT_STACK, NULL, {rlim_cur=8192*1024, rlim_max=RLIM64_INFINITY}) = 0
707   munmap(0x7bbfd9047000, 29392)     = 0
707   newfstatat(1, "", {st_mode=S_IFIFO|0600, st_size=0, ...}, AT_EMPTY_PATH) = 0
707   getrandom("\x45\x3e\xca\x2f\xe7\x93\x93\x1d", 8, GRND_NONBLOCK) = 8
707   brk(NULL)                         = 0x5e7b71b93000
707   brk(0x5e7b71bb4000)               = 0x5e7b71bb4000
707   write(1, "720\n", 4)              = 4
707   exit_group(1)                     = ?
707   +++ exited with 1 +++
