721   execve("./fact", ["./fact", "8"], 0x7ffea4e17510 /* 18 vars */) = 0
721   brk(NULL)                         = 0x5d14216ff000
721   arch_prctl(0x3001 /* ARCH_??? */, 0x7ffd7ece2380) = -1 EINVAL (Invalid argument)
721   mmap(NULL, 8192, PROT_READ|PROT_WRITE, MAP_PRIVATE|MAP_ANONYMOUS, -1, 0) = 0x7488c21eb000
721   access("/etc/ld.so.preload", R_OK) = -1 ENOENT (No such file or directory)
721   openat(AT_FDCWD, "/etc/ld.so.cache", O_RDONLY|O_CLOEXEC) = 3
721   newfstatat(3, "", {st_mode=S_IFREG|0644, st_size=29392, ...}, AT_EMPTY_PATH) = 0
721   mmap(NULL, 29392, PROT_READ, MAP_PRIVATE, 3, 0) = 0x7488c21e3000
721   close(3)                          = 0
721   openat(AT_FDCWD, "/lib/x86_64-linux-gnu/libc.so.6", O_RDONLY|O_CLOEXEC) = 3
721   read(3, "\177ELF\2\1\1\3\0\0\0\0\0\0\0\0\3\0>\0\1\0\0\0P\237\2\0\0\0\0\0"..., 832) = 832
721   pread64(3, "\6\0\0\0\4\0\0\0@\0\0\0\0\0\0\0@\0\0\0\0\0\0\0@\0\0\0\0\0\0\0"..., 784, 64) = 784
721   pread64(3, "\4\0\0\0 \0\0\0\5\0\0\0GNU\0\2\0\0\300\4\0\0\0\3\0\0\0\0\0\0\0"..., 48, 848) = 48
721   pread64(3, "\4\0\0\0\24\0\0\0\3\0\0\0GNU\0\325\31p\226\367\t\200\30)\261\30\257\33|\366c"..., 68, 896) = 68
721   newfstatat(3, "", {st_mode=S_IFREG|0755, st_size=2220400, ...}, AT_EMPTY_PATH) = 0
721   pread64(3, "\6\0\0\0\4\0\0\0@\0\0\0\0\0\0\0@\0\0\0\0\0\0\0@\0\0\0\0\0\0\0"..., 784, 64) = 784
721   mmap(NULL, 2264656, PROT_READ, MAP_PRIVATE|MAP_DENYWRITE, 3, 0) = 0x7488c1fba000
721   mprotect(0x7488c1fe2000, 2023424, PROT_NONE) = 0
721   mmap(0x7488c1fe2000, 1658880, PROT_READ|PROT_EXEC, MAP_PRIVATE|MAP_FIXED|MAP_DENYWRITE, 3, 0x28000) = 0x7488c1fe2000
721   mmap(0x7488c2177000, 360448, PROT_READ, MAP_PRIVATE|MAP_FIXED|MAP_DENYWRITE, 3, 0x1bd000) = 0x7488c2177000
721   mmap(0x7488c21d0000, 24576, PROT_READ|PROT_WRITE, MAP_PRIVATE|MAP_FIXED|MAP_DENYWRITE, 3, 0x215000) = 0x7488c21d0000
721   mmap(0x7488c21d6000, 52816, PROT_READ|PROT_WRITE, MAP_PRIVATE|MAP_FIXED|MAP_ANONYMOUS, -1, 0) = 0x7488c21d6000
721   close(3)                          = 0
721   mmap(NULL, 12288, PROT_READ|PROT_WRITE, MAP_PRIVATE|MAP_ANONYMOUS, -1, 0) = 0x7488c1fb7000
721   arch_prctl(ARCH_SET_FS, 0x7488c1fb7740) = 0
721   set_tid_address(0x7488c1fb7a10)   = 721
721   set_robust_list(0x7488c1fb7a20, 24) = 0
721   rseq(0x7488c1fb80e0, 0x20, 0, 0x53053053) = 0
721   mprotect(0x7488c21d0000, 16384, PROT_READ) = 0
721   mprotect(0x5d1420953000, 4096, PROT_READ) = 0
721   mprotect(0x7488c2225000, 8192, PROT_READ) = 0
721   prlimit64(0, RLIMIT_STACK, NULL, {rlim_cur=8192*1024, rlim_max=RLIM64_INFINITY}) = 0
721   munmap(0x7488c21e3000, 29392)     = 0
721   execve("./fact", ["fact", "7", "8"], 0x7ffd7ece2560 /* 18 vars */) = 0
721   brk(NULL)                         = 0x630c3db0b000
721   arch_prctl(0x3001 /* ARCH_??? */, 0x7ffdf7481450) = -1 EINVAL (Invalid argument)
721   mmap(NULL, 8192, PROT_READ|PROT_WRITE, MAP_PRIVATE|MAP_ANONYMOUS, -1, 0) = 0x7fcae763e000
721   access("/etc/ld.so.preload", R_OK) = -1 ENOENT (No such file or directory)
721   openat(AT_FDCWD, "/etc/ld.so.cache", O_RDONLY|O_CLOEXEC) = 3
721   newfstatat(3, "", {st_mode=S_IFREG|0644, st_size=29392, ...}, AT_EMPTY_PATH) = 0
721   mmap(NULL, 29392, PROT_READ, MAP_PRIVATE, 3, 0) = 0x7fcae7636000
721   close(3)                          = 0
721   openat(AT_FDCWD, "/lib/x86_64-linux-gnu/libc.so.6", O_RDONLY|O_CLOEXEC) = 3
721   read(3, "\177ELF\2\1\1\3\0\0\0\0\0\0\0\0\3\0>\0\1\0\0\0P\237\2\0\0\0\0\0"..., 832) = 832
721   pread64(3, "\6\0\0\0\4\0\0\0@\0\0\0\0\0\0\0@\0\0\0\0\0\0\0@\0\0\0\0\0\0\0"..., 784, 64) = 784
721   pread64(3, "\4\0\0\0 \0\0\0\5\0\0\0GNU\0\2\0\0\300\4\0\0\0\3\0\0\0\0\0\0\0"..., 48, 848) = 48
721   pread64(3, "\4\0\0\0\24\0\0\0\3\0\0\0GNU\0\325\31p\226\367\t\200\30)\261\30\257\33|\366c"..., 68, 896) = 68
721   newfstatat(3, "", {st_mode=S_IFREG|0755, st_size=2220400, ...}, AT_EMPTY_PATH) = 0
721   pread64(3, "\6\0\0\0\4\0\0\0@\0\0\0\0\0\0\0@\0\0\0\0\0\0\0@\0\0\0\0\0\0\0"..., 784, 64) = 784
721   mmap(NULL, 2264656, PROT_READ, MAP_PRIVATE|MAP_DENYWRITE, 3, 0) = 0x7fcae740d000
721   mprotect(0x7fcae7435000, 2023424, PROT_NONE) = 0
721   mmap(0x7fcae7435000, 1658880, PROT_READ|PROT_EXEC, MAP_PRIVATE|MAP_FIXED|MAP_DENYWRITE, 3, 0x28000) = 0x7fcae7435000
721   mmap(0x7fcae75ca000, 360448, PROT_READ, MAP_PRIVATE|MAP_FIXED|MAP_DENYWRITE, 3, 0x1bd000) = 0x7fcae75ca000
721   mmap(0x7fcae7623000, 24576, PROT_READ|PROT_WRITE, MAP_PRIVATE|MAP_FIXED|MAP_DENYWRITE, 3, 0x215000) = 0x7fcae7623000
721   mmap(0x7fcae7629000, 52816, PROT_READ|PROT_WRITE, MAP_PRIVATE|MAP_FIXED|MAP_ANONYMOUS, -1, 0) = 0x7fcae7629000
721   close(3)                          = 0
721   mmap(NULL, 12288, PROT_READ|PROT_WRITE, MAP_PRIVATE|MAP_ANONYMOUS, -1, 0) = 0x7fcae740a000
721   arch_prctl(ARCH_SET_FS, 0x7fcae740a740) = 0
721   set_tid_address(0x7fcae740aa10)   = 721
721   set_robust_list(0x7fcae740aa20, 24) = 0
721   rseq(0x7fcae740b0e0, 0x20, 0, 0x53053053) = 0
721   mprotect(0x7fcae7623000, 16384, PROT_READ) = 0
721   mprotect(0x630c3bbdb000, 4096, PROT_READ) = 0
721   mprotect(0x7fcae7678000, 8192, PROT_READ) = 0
721   prlimit64(0, RLIMIT_STACK, NULL, {rlim_cur=8192*1024, rlim_max=RLIM64_INFINITY}) = 0
721   munmap(0x7fcae7636000, 29392)     = 0
721   execve("./fact", ["fact", "6", "56"], 0x7ffdf7481638 /* 18 vars */) = 0
721   brk(NULL)                         = 0x555f727b1000
721   arch_prctl(0x3001 /* ARCH_??? */, 0x7fffe4bda580) = -1 EINVAL (Invalid argument)
721   mmap(NULL, 8192, PROT_READ|PROT_WRITE, MAP_PRIVATE|MAP_ANONYMOUS, -1, 0) = 0x72b7091fb000
721   access("/etc/ld.so.preload", R_OK) = -1 ENOENT (No such file or directory)
721   openat(AT_FDCWD, "/etc/ld.so.cache", O_RDONLY|O_CLOEXEC) = 3
721   newfstatat(3, "", {st_mode=S_IFREG|0644, st_size=29392, ...}, AT_EMPTY_PATH) = 0
721   mmap(NULL, 29392, PROT_READ, MAP_PRIVATE, 3, 0) = 0x72b7091f3000
721   close(3)                          = 0
721   openat(AT_FDCWD, "/lib/x86_64-linux-gnu/libc.so.6", O_RDONLY|O_CLOEXEC) = 3
721   read(3, "\177ELF\2\1\1\3\0\0\0\0\0\0\0\0\3\0>\0\1\0\0\0P\237\2\0\0\0\0\0"..., 832) = 832
721   pread64(3, "\6\0\0\0\4\0\0\0@\0\0\0\0\0\0\0@\0\0\0\0\0\0\0@\0\0\0\0\0\0\0"..., 784, 64) = 784
721   pread64(3, "\4\0\0\0 \0\0\0\5\0\0\0GNU\0\2\0\0\300\4\0\0\0\3\0\0\0\0\0\0\0"..., 48, 848) = 48
721   pread64(3, "\4\0\0\0\24\0\0\0\3\0\0\0GNU\0\325\31p\226\367\t\200\30)\261\30\257\33|\366c"..., 68, 896) = 68
721   newfstatat(3, "", {st_mode=S_IFREG|0755, st_size=2220400, ...}, AT_EMPTY_PATH) = 0
721   pread64(3, "\6\0\0\0\4\0\0\0@\0\0\0\0\0\0\0@\0\0\0\0\0\0\0@\0\0\0\0\0\0\0"..., 784, 64) = 784
721   mmap(NULL, 2264656, PROT_READ, MAP_PRIVATE|MAP_DENYWRITE, 3, 0) = 0x72b708fca000
721   mprotect(0x72b708ff2000, 2023424, PROT_NONE) = 0
721   mmap(0x72b708ff2000, 1658880, PROT_READ|PROT_EXEC, MAP_PRIVATE|MAP_FIXED|MAP_DENYWRITE, 3, 0x28000) = 0x72b708ff2000
721   mmap(0x72b709187000, 360448, PROT_READ, MAP_PRIVATE|MAP_FIXED|MAP_DENYWRITE, 3, 0x1bd000) = 0x72b709187000
721   mmap(0x72b7091e0000, 24576, PROT_READ|PROT_WRITE, MAP_PRIVATE|MAP_FIXED|MAP_DENYWRITE, 3, 0x215000) = 0x72b7091e0000
721   mmap(0x72b7091e6000, 52816, PROT_READ|PROT_WRITE, MAP_PRIVATE|MAP_FIXED|MAP_ANONYMOUS, -1, 0) = 0x72b7091e6000
721   close(3)                          = 0
721   mmap(NULL, 12288, PROT_READ|PROT_WRITE, MAP_PRIVATE|MAP_ANONYMOUS, -1, 0) = 0x72b708fc7000
721   arch_prctl(ARCH_SET_FS, 0x72b708fc7740) = 0
721   set_tid_address(0x72b708fc7a10)   = 721
721   set_robust_list(0x72b708fc7a20, 24) = 0
721   rseq(0x72b708fc80e0, 0x20, 0, 0x53053053) = 0
721   mprotect(0x72b7091e0000, 16384, PROT_READ) = 0
721   mprotect(0x555f723f0000, 4096, PROT_READ) = 0
721   mprotect(0x72b709235000, 8192, PROT_READ) = 0
721   prlimit64(0, RLIMIT_STACK, NULL, {rlim_cur=8192*1024, rlim_max=RLIM64_INFINITY}) = 0
721   munmap(0x72b7091f3000, 29392)     = 0
721   execve("./fact", ["fact", "5", "336"], 0x7fffe4bda768 /* 18 vars */) = 0
721   brk(NULL)                         = 0x593f7f1ac000
721   arch_prctl(0x3001 /* ARCH_??? */, 0x7fff24cb85f0) = -1 EINVAL (Invalid argument)
721   mmap(NULL, 8192, PROT_READ|PROT_WRITE, MAP_PRIVATE|MAP_ANONYMOUS, -1, 0) = 0x7dd49e64e000
721   access("/etc/ld.so.preload", R_OK) = -1 ENOENT (No such file or directory)
721   openat(AT_FDCWD, "/etc/ld.so.cache", O_RDONLY|O_CLOEXEC) = 3
721   newfstatat(3, "", {st_mode=S_IFREG|0644, st_size=29392, ...}, AT_EMPTY_PATH) = 0
721   mmap(NULL, 29392, PROT_READ, MAP_PRIVATE, 3, 0) = 0x7dd49e646000
721   close(3)                          = 0
721   openat(AT_FDCWD, "/lib/x86_64-linux-gnu/libc.so.6", O_RDONLY|O_CLOEXEC) = 3
721   read(3, "\177ELF\2\1\1\3\0\0\0\0\0\0\0\0\3\0>\0\1\0\0\0P\237\2\0\0\0\0\0"..., 832) = 832
721   pread64(3, "\6\0\0\0\4\0\0\0@\0\0\0\0\0\0\0@\0\0\0\0\0\0\0@\0\0\0\0\0\0\0"..., 784, 64) = 784
721   pread64(3, "\4\0\0\0 \0\0\0\5\0\0\0GNU\0\2\0\0\300\4\0\0\0\3\0\0\0\0\0\0\0"..., 48, 848) = 48
721   pread64(3, "\4\0\0\0\24\0\0\0\3\0\0\0GNU\0\325\31p\226\367\t\200\30)\261\30\257\33|\366c"..., 68, 896) = 68
721   newfstatat(3, "", {st_mode=S_IFREG|0755, st_size=2220400, ...}, AT_EMPTY_PATH) = 0
721   pread64(3, "\6\0\0\0\4\0\0\0@\0\0\0\0\0\0\0@\0\0\0\0\0\0\0@\0\0\0\0\0\0\0"..., 784, 64) = 784
721   mmap(NULL, 2264656, PROT_READ, MAP_PRIVATE|MAP_DENYWRITE, 3, 0) = 0x7dd49e41d000
721   mprotect(0x7dd49e445000, 2023424, PROT_NONE) = 0
721   mmap(0x7dd49e445000, 1658880, PROT_READ|PROT_EXEC, MAP_PRIVATE|MAP_FIXED|MAP_DENYWRITE, 3, 0x28000) = 0x7dd49e445000
721   mmap(0x7dd49e5da000, 360448, PROT_READ, MAP_PRIVATE|MAP_FIXED|MAP_DENYWRITE, 3, 0x1bd000) = 0x7dd49e5da000
721   mmap(0x7dd49e633000, 24576, PROT_READ|PROT_WRITE, MAP_PRIVATE|MAP_FIXED|MAP_DENYWRITE, 3, 0x215000) = 0x7dd49e633000
721   mmap(0x7dd49e639000, 52816, PROT_READ|PROT_WRITE, MAP_PRIVATE|MAP_FIXED|MAP_ANONYMOUS, -1, 0) = 0x7dd49e639000
721   close(3)                          = 0
721   mmap(NULL, 12288, PROT_READ|PROT_WRITE, MAP_PRIVATE|MAP_ANONYMOUS, -1, 0) = 0x7dd49e41a000
721   arch_prctl(ARCH_SET_FS, 0x7dd49e41a740) = 0
721   set_tid_address(0x7dd49e41aa10)   = 721
721   set_robust_list(0x7dd49e41aa20, 24) = 0
721   rseq(0x7dd49e41b0e0, 0x20, 0, 0x53053053) = 0
721   mprotect(0x7dd49e633000, 16384, PROT_READ) = 0
721   mprotect(0x593f7d8d3000, 4096, PROT_READ) = 0
721   mprotect(0x7dd49e688000, 8192, PROT_READ) = 0
721   prlimit64(0, RLIMIT_STACK, NULL, {rlim_cur=8192*1024, rlim_max=RLIM64_INFINITY}) = 0
721   munmap(0x7dd49e646000, 29392)     = 0
721   execve("./fact", ["fact", "4", "1680"], 0x7fff24cb87d8 /* 18 vars */) = 0
721   brk(NULL)                         = 0x64b005842000
721   arch_prctl(0x3001 /* ARCH_??? */, 0x7ffec5d5bb50) = -1 EINVAL (Invalid argument)
721   mmap(NULL, 8192, PROT_READ|PROT_WRITE, MAP_PRIVATE|MAP_ANONYMOUS, -1, 0) = 0x761f834ec000
721   access("/etc/ld.so.preload", R_OK) = -1 ENOENT (No such file or directory)
721   openat(AT_FDCWD, "/etc/ld.so.cache", O_RDONLY|O_CLOEXEC) = 3
721   newfstatat(3, "", {st_mode=S_IFREG|0644, st_size=29392, ...}, AT_EMPTY_PATH) = 0
721   mmap(NULL, 29392, PROT_READ, MAP_PRIVATE, 3, 0) = 0x761f834e4000
721   close(3)                          = 0
721   openat(AT_FDCWD, "/lib/x86_64-linux-gnu/libc.so.6", O_RDONLY|O_CLOEXEC) = 3
721   read(3, "\177ELF\2\1\1\3\0\0\0\0\0\0\0\0\3\0>\0\1\0\0\0P\237\2\0\0\0\0\0"..., 832) = 832
721   pread64(3, "\6\0\0\0\4\0\0\0@\0\0\0\0\0\0\0@\0\0\0\0\0\0\0@\0\0\0\0\0\0\0"..., 784, 64) = 784
721   pread64(3, "\4\0\0\0 \0\0\0\5\0\0\0GNU\0\2\0\0\300\4\0\0\0\3\0\0\0\0\0\0\0"..., 48, 848) = 48
721   pread64(3, "\4\0\0\0\24\0\0\0\3\0\0\0GNU\0\325\31p\226\367\t\200\30)\261\30\257\33|\366c"..., 68, 896) = 68
721   newfstatat(3, "", {st_mode=S_IFREG|0755, st_size=2220400, ...}, AT_EMPTY_PATH) = 0
721   pread64(3, "\6\0\0\0\4\0\0\0@\0\0\0\0\0\0\0@\0\0\0\0\0\0\0@\0\0\0\0\0\0\0"..., 784, 64) = 784
721   mmap(NULL, 2264656, PROT_READ, MAP_PRIVATE|MAP_DENYWRITE, 3, 0) = 0x761f832bb000
721   mprotect(0x761f832e3000, 2023424, PROT_NONE) = 0
721   mmap(0x761f832e3000, 1658880, PROT_READ|PROT_EXEC, MAP_PRIVATE|MAP_FIXED|MAP_DENYWRITE, 3, 0x28000) = 0x761f832e3000
721   mmap(0x761f83478000, 360448, PROT_READ, MAP_PRIVATE|MAP_FIXED|MAP_DENYWRITE, 3, 0x1bd000) = 0x761f83478000
721   mmap(0x761f834d1000, 24576, PROT_READ|PROT_WRITE, MAP_PRIVATE|MAP_FIXED|MAP_DENYWRITE, 3, 0x215000) = 0x761f834d1000
721   mmap(0x761f834d7000, 52816, PROT_READ|PROT_WRITE, MAP_PRIVATE|MAP_FIXED|MAP_ANONYMOUS, -1, 0) = 0x761f834d7000
721   close(3)                          = 0
721   mmap(NULL, 12288, PROT_READ|PROT_WRITE, MAP_PRIVATE|MAP_ANONYMOUS, -1, 0) = 0x761f832b8000
721   arch_prctl(ARCH_SET_FS, 0x761f832b8740) = 0
721   set_tid_address(0x761f832b8a10)   = 721
721   set_robust_list(0x761f832b8a20, 24) = 0
721   rseq(0x761f832b90e0, 0x20, 0, 0x53053053) = 0
721   mprotect(0x761f834d1000, 16384, PROT_READ) = 0
721   mprotect(0x64b0050f1000, 4096, PROT_READ) = 0
721   mprotect(0x761f83526000, 8192, PROT_READ) = 0
721   prlimit64(0, RLIMIT_STACK, NULL, {rlim_cur=8192*1024, rlim_max=RLIM64_INFINITY}) = 0
721   munmap(0x761f834e4000, 29392)     = 0
721   execve("./fact", ["fact", "3", "6720"], 0x7ffec5d5bd38 /* 18 vars */) = 0
721   brk(NULL)                         = 0x6043c1946000
721   arch_prctl(0x3001 /* ARCH_??? */, 0x7ffc553c4ab0) = -1 EINVAL (Invalid argument)
721   mmap(NULL, 8192, PROT_READ|PROT_WRITE, MAP_PRIVATE|MAP_ANONYMOUS, -1, 0) = 0x7f245a79a000
721   access("/etc/ld.so.preload", R_OK) = -1 ENOENT (No such file or directory)
721   openat(AT_FDCWD, "/etc/ld.so.cache", O_RDONLY|O_CLOEXEC) = 3
721   newfstatat(3, "", {st_mode=S_IFREG|0644, st_size=29392, ...}, AT_EMPTY_PATH) = 0
721   mmap(NULL, 29392, PROT_READ, MAP_PRIVATE, 3, 0) = 0x7f245a792000
721   close(3)                          = 0
721   openat(AT_FDCWD, "/lib/x86_64-linux-gnu/libc.so.6", O_RDONLY|O_CLOEXEC) = 3
721   read(3, "\177ELF\2\1\1\3\0\0\0\0\0\0\0\0\3\0>\0\1\0\0\0P\237\2\0\0\0\0\0"..., 832) = 832
721   pread64(3, "\6\0\0\0\4\0\0\0@\0\0\0\0\0\0\0@\0\0\0\0\0\0\0@\0\0\0\0\0\0\0"..., 784, 64) = 784
721   pread64(3, "\4\0\0\0 \0\0\0\5\0\0\0GNU\0\2\0\0\300\4\0\0\0\3\0\0\0\0\0\0\0"..., 48, 848) = 48
721   pread64(3, "\4\0\0\0\24\0\0\0\3\0\0\0GNU\0\325\31p\226\367\t\200\30)\261\30\257\33|\366c"..., 68, 896) = 68
721   newfstatat(3, "", {st_mode=S_IFREG|0755, st_size=2220400, ...}, AT_EMPTY_PATH) = 0
721   pread64(3, "\6\0\0\0\4\0\0\0@\0\0\0\0\0\0\0@\0\0\0\0\0\0\0@\0\0\0\0\0\0\0"..., 784, 64) = 784
721   mmap(NULL, 2264656, PROT_READ, MAP_PRIVATE|MAP_DENYWRITE, 3, 0) = 0x7f245a569000
721   mprotect(0x7f245a591000, 2023424, PROT_NONE) = 0
721   mmap(0x7f245a591000, 1658880, PROT_READ|PROT_EXEC, MAP_PRIVATE|MAP_FIXED|MAP_DENYWRITE, 3, 0x28000) = 0x7f245a591000
721   mmap(0x7f245a726000, 360448, PROT_READ, MAP_PRIVATE|MAP_FIXED|MAP_DENYWRITE, 3, 0x1bd000) = 0x7f245a726000
721   mmap(0x7f245a77f000, 24576, PROT_READ|PROT_WRITE, MAP_PRIVATE|MAP_FIXED|MAP_DENYWRITE, 3, 0x215000) = 0x7f245a77f000
721   mmap(0x7f245a785000, 52816, PROT_READ|PROT_WRITE, MAP_PRIVATE|MAP_FIXED|MAP_ANONYMOUS, -1, 0) = 0x7f245a785000
721   close(3)                          = 0
721   mmap(NULL, 12288, PROT_READ|PROT_WRITE, MAP_PRIVATE|MAP_ANONYMOUS, -1, 0) = 0x7f245a566000
721   arch_prctl(ARCH_SET_FS, 0x7f245a566740) = 0
721   set_tid_address(0x7f245a566a10)   = 721
721   set_robust_list(0x7f245a566a20, 24) = 0
721   rseq(0x7f245a5670e0, 0x20, 0, 0x53053053) = 0
721   mprotect(0x7f245a77f000, 16384, PROT_READ) = 0
721   mprotect(0x6043c0529000, 4096, PROT_READ) = 0
721   mprotect(0x7f245a7d4000, 8192, PROT_READ) = 0
721   prlimit64(0, RLIMIT_STACK, NULL, {rlim_cur=8192*1024, rlim_max=RLIM64_INFINITY}) = 0
721   munmap(0x7f245a792000, 29392)     = 0
721   execve("./fact", ["fact", "2", "20160"], 0x7ffc553c4c98 /* 18 vars */) = 0
721   brk(NULL)                         = 0x61d38f007000
721   arch_prctl(0x3001 /* ARCH_??? */, 0x7ffde5584900) = -1 EINVAL (Invalid argument)
721   mmap(NULL, 8192, PROT_READ|PROT_WRITE, MAP_PRIVATE|MAP_ANONYMOUS, -1, 0) = 0x70bba5411000
721   access("/etc/ld.so.preload", R_OK) = -1 ENOENT (No such file or directory)
721   openat(AT_FDCWD, "/etc/ld.so.cache", O_RDONLY|O_CLOEXEC) = 3
721   newfstatat(3, "", {st_mode=S_IFREG|0644, st_size=29392, ...}, AT_EMPTY_PATH) = 0
721   mmap(NULL, 29392, PROT_READ, MAP_PRIVATE, 3, 0) = 0x70bba5409000
721   close(3)                          = 0
721   openat(AT_FDCWD, "/lib/x86_64-linux-gnu/libc.so.6", O_RDONLY|O_CLOEXEC) = 3
721   read(3, "\177ELF\2\1\1\3\0\0\0\0\0\0\0\0\3\0>\0\1\0\0\0P\237\2\0\0\0\0\0"..., 832) = 832
721   pread64(3, "\6\0\0\0\4\0\0\0@\0\0\0\0\0\0\0@\0\0\0\0\0\0\0@\0\0\0\0\0\0\0"..., 784, 64) = 784
721   pread64(3, "\4\0\0\0 \0\0\0\5\0\0\0GNU\0\2\0\0\300\4\0\0\0\3\0\0\0\0\0\0\0"..., 48, 848) = 48
721   pread64(3, "\4\0\0\0\24\0\0\0\3\0\0\0GNU\0\325\31p\226\367\t\200\30)\261\30\257\33|\366c"..., 68, 896) = 68
721   newfstatat(3, "", {st_mode=S_IFREG|0755, st_size=2220400, ...}, AT_EMPTY_PATH) = 0
721   pread64(3, "\6\0\0\0\4\0\0\0@\0\0\0\0\0\0\0@\0\0\0\0\0\0\0@\0\0\0\0\0\0\0"..., 784, 64) = 784
721   mmap(NULL, 2264656, PROT_READ, MAP_PRIVATE|MAP_DENYWRITE, 3, 0) = 0x70bba51e0000
721   mprotect(0x70bba5208000, 2023424, PROT_NONE) = 0
721   mmap(0x70bba5208000, 1658880, PROT_READ|PROT_EXEC, MAP_PRIVATE|MAP_FIXED|MAP_DENYWRITE, 3, 0x28000) = 0x70bba5208000
721   mmap(0x70bba539d000, 360448, PROT_READ, MAP_PRIVATE|MAP_FIXED|MAP_DENYWRITE, 3, 0x1bd000) = 0x70bba539d000
721   mmap(0x70bba53f6000, 24576, PROT_READ|PROT_WRITE, MAP_PRIVATE|MAP_FIXED|MAP_DENYWRITE, 3, 0x215000) = 0x70bba53f6000
721   mmap(0x70bba53fc000, 52816, PROT_READ|PROT_WRITE, MAP_PRIVATE|MAP_FIXED|MAP_ANONYMOUS, -1, 0) = 0x70bba53fc000
721   close(3)                          = 0
721   mmap(NULL, 12288, PROT_READ|PROT_WRITE, MAP_PRIVATE|MAP_ANONYMOUS, -1, 0) = 0x70bba51dd000
721   arch_prctl(ARCH_SET_FS, 0x70bba51dd740) = 0
721   set_tid_address(0x70bba51dda10)   = 721
721   set_robust_list(0x70bba51dda20, 24) = 0
721   rseq(0x70bba51de0e0, 0x20, 0, 0x53053053) = 0
721   mprotect(0x70bba53f6000, 16384, PROT_READ) = 0
721   mprotect(0x61d38e7d4000, 4096, PROT_READ) = 0
721   mprotect(0x70bba544b000, 8192, PROT_READ) = 0
721   prlimit64(0, RLIMIT_STACK, NULL, {rlim_cur=8192*1024, rlim_max=RLIM64_INFINITY}) = 0
721   munmap(0x70bba5409000, 29392)     = 0
721   newfstatat(1, "", {st_mode=S_IFIFO|0600, st_size=0, ...}, AT_EMPTY_PATH) = 0
721   getrandom("\x22\xd1\x3d\x5c\x97\x8e\x21\x23", 8, GRND_NONBLOCK) = 8
721   brk(NULL)                         = 0x61d38f007000
721   brk(0x61d38f028000)               = 0x61d38f028000
721   write(1, "40320\n", 6)            = 6
721   exit_group(1)                     = ?
721   +++ exited with 1 +++
