611   execve("./pprime", ["./pprime", "500", "1"], 0x7fffa6f7f2f8 /* 18 vars */) = 0
611   brk(NULL)                         = 0x59cf84b40000
611   arch_prctl(0x3001 /* ARCH_??? */, 0x7ffd7951e520) = -1 EINVAL (Invalid argument)
611   mmap(NULL, 8192, PROT_READ|PROT_WRITE, MAP_PRIVATE|MAP_ANONYMOUS, -1, 0) = 0x72d022d71000
611   access("/etc/ld.so.preload", R_OK) = -1 ENOENT (No such file or directory)
611   openat(AT_FDCWD, "/etc/ld.so.cache", O_RDONLY|O_CLOEXEC) = 3
611   newfstatat(3, "", {st_mode=S_IFREG|0644, st_size=29392, ...}, AT_EMPTY_PATH) = 0
611   mmap(NULL, 29392, PROT_READ, MAP_PRIVATE, 3, 0) = 0x72d022d69000
611   close(3)                          = 0
611   openat(AT_FDCWD, "/lib/x86_64-linux-gnu/libm.so.6", O_RDONLY|O_CLOEXEC) = 3
611   read(3, "\177ELF\2\1\1\3\0\0\0\0\0\0\0\0\3\0>\0\1\0\0\0\0\0\0\0\0\0\0\0"..., 832) = 832
611   newfstatat(3, "", {st_mode=S_IFREG|0644, st_size=940560, ...}, AT_EMPTY_PATH) = 0
611   mmap(NULL, 942344, PROT_READ, MAP_PRIVATE|MAP_DENYWRITE, 3, 0) = 0x72d022c82000
611   mmap(0x72d022c90000, 507904, PROT_READ|PROT_EXEC, MAP_PRIVATE|MAP_FIXED|MAP_DENYWRITE, 3, 0xe000) = 0x72d022c90000
611   mmap(0x72d022d0c000, 372736, PROT_READ, MAP_PRIVATE|MAP_FIXED|MAP_DENYWRITE, 3, 0x8a000) = 0x72d022d0c000
611   mmap(0x72d022d67000, 8192, PROT_READ|PROT_WRITE, MAP_PRIVATE|MAP_FIXED|MAP_DENYWRITE, 3, 0xe4000) = 0x72d022d67000
611   close(3)                          = 0
611   openat(AT_FDCWD, "/lib/x86_64-linux-gnu/libc.so.6", O_RDONLY|O_CLOEXEC) = 3
611   read(3, "\177ELF\2\1\1\3\0\0\0\0\0\0\0\0\3\0>\0\1\0\0\0P\237\2\0\0\0\0\0"..., 832) = 832
611   pread64(3, "\6\0\0\0\4\0\0\0@\0\0\0\0\0\0\0@\0\0\0\0\0\0\0@\0\0\0\0\0\0\0"..., 784, 64) = 784
611   pread64(3, "\4\0\0\0 \0\0\0\5\0\0\0GNU\0\2\0\0\300\4\0\0\0\3\0\0\0\0\0\0\0"..., 48, 848) = 48
611   pread64(3, "\4\0\0\0\24\0\0\0\3\0\0\0GNU\0\325\31p\226\367\t\200\30)\261\30\257\33|\366c"..., 68, 896) = 68
611   newfstatat(3, "", {st_mode=S_IFREG|0755, st_size=2220400, ...}, AT_EMPTY_PATH) = 0
611   pread64(3, "\6\0\0\0\4\0\0\0@\0\0\0\0\0\0\0@\0\0\0\0\0\0\0@\0\0\0\0\0\0\0"..., 784, 64) = 784
611   mmap(NULL, 2264656, PROT_READ, MAP_PRIVATE|MAP_DENYWRITE, 3, 0) = 0x72d022a59000
611   mprotect(0x72d022a81000, 2023424, PROT_NONE) = 0
611   mmap(0x72d022a81000, 1658880, PROT_READ|PROT_EXEC, MAP_PRIVATE|MAP_FIXED|MAP_DENYWRITE, 3, 0x28000) = 0x72d022a81000
611   mmap(0x72d022c16000, 360448, PROT_READ, MAP_PRIVATE|MAP_FIXED|MAP_DENYWRITE, 3, 0x1bd000) = 0x72d022c16000
611   mmap(0x72d022c6f000, 24576, PROT_READ|PROT_WRITE, MAP_PRIVATE|MAP_FIXED|MAP_DENYWRITE, 3, 0x215000) = 0x72d022c6f000
611   mmap(0x72d022c75000, 52816, PROT_READ|PROT_WRITE, MAP_PRIVATE|MAP_FIXED|MAP_ANONYMOUS, -1, 0) = 0x72d022c75000
611   close(3)                          = 0
611   mmap(NULL, 12288, PROT_READ|PROT_WRITE, MAP_PRIVATE|MAP_ANONYMOUS, -1, 0) = 0x72d022a56000
611   arch_prctl(ARCH_SET_FS, 0x72d022a56740) = 0
611   set_tid_address(0x72d022a56a10)   = 611
611   set_robust_list(0x72d022a56a20, 24) = 0
611   rseq(0x72d022a570e0, 0x20, 0, 0x53053053) = 0
611   mprotect(0x72d022c6f000, 16384, PROT_READ) = 0
611   mprotect(0x72d022d67000, 4096, PROT_READ) = 0
611   mprotect(0x59cf8351d000, 4096, PROT_READ) = 0
611   mprotect(0x72d022dab000, 8192, PROT_READ) = 0
611   prlimit64(0, RLIMIT_STACK, NULL, {rlim_cur=8192*1024, rlim_max=RLIM64_INFINITY}) = 0
611   munmap(0x72d022d69000, 29392)     = 0
611   clone(child_stack=NULL, flags=CLONE_CHILD_CLEARTID|CLONE_CHILD_SETTID|SIGCHLD, child_tidptr=0x72d022a56a10) = 612
611   clone(child_stack=NULL, flags=CLONE_CHILD_CLEARTID|CLONE_CHILD_SETTID|SIGCHLD, child_tidptr=0x72d022a56a10) = 613
611   wait4(-1,  <unfinished ...>
612   set_robust_list(0x72d022a56a20, 24) = 0
613   set_robust_list(0x72d022a56a20, 24 <unfinished ...>
612   exit_group(53 <unfinished ...>
613   <... set_robust_list resumed>)    = 0
612   <... exit_group resumed>)         = ?
613   exit_group(42)                    = ?
612   +++ exited with 53 +++
611   <... wait4 resumed>[{WIFEXITED(s) && WEXITSTATUS(s) == 53}], 0, NULL) = 612
611   --- SIGCHLD {si_signo=SIGCHLD, si_code=CLD_EXITED, si_pid=612, si_uid=1000, si_status=53, si_utime=0, si_stime=0} ---
613   +++ exited with 42 +++
611   --- SIGCHLD {si_signo=SIGCHLD, si_code=CLD_EXITED, si_pid=613, si_uid=1000, si_status=42, si_utime=0, si_stime=0} ---
611   wait4(-1, [{WIFEXITED(s) && WEXITSTATUS(s) == 42}], 0, NULL) = 613
611   newfstatat(1, "", {st_mode=S_IFREG|0664, st_size=0, ...}, AT_EMPTY_PATH) = 0
611   getrandom("\xa9\x3b\x13\x67\x14\xaa\xb7\xd9", 8, GRND_NONBLOCK) = 8
611   brk(NULL)                         = 0x59cf84b40000
611   brk(0x59cf84b61000)               = 0x59cf84b61000
611   write(1, "Testcase 1 Expected: 95 Output: "..., 69) = 69
611   exit_group(0)                     = ?
611   +++ exited with 0 +++
