623   execve("./pprime", ["./pprime", "5000", "2"], 0x7ffd2a5134f8 /* 18 vars */) = 0
623   brk(NULL)                         = 0x5e844f767000
623   arch_prctl(0x3001 /* ARCH_??? */, 0x7fffc7395630) = -1 EINVAL (Invalid argument)
623   mmap(NULL, 8192, PROT_READ|PROT_WRITE, MAP_PRIVATE|MAP_ANONYMOUS, -1, 0) = 0x7ed098a17000
623   access("/etc/ld.so.preload", R_OK) = -1 ENOENT (No such file or directory)
623   openat(AT_FDCWD, "/etc/ld.so.cache", O_RDONLY|O_CLOEXEC) = 3
623   newfstatat(3, "", {st_mode=S_IFREG|0644, st_size=29392, ...}, AT_EMPTY_PATH) = 0
623   mmap(NULL, 29392, PROT_READ, MAP_PRIVATE, 3, 0) = 0x7ed098a0f000
623   close(3)                          = 0
623   openat(AT_FDCWD, "/lib/x86_64-linux-gnu/libm.so.6", O_RDONLY|O_CLOEXEC) = 3
623   read(3, "\177ELF\2\1\1\3\0\0\0\0\0\0\0\0\3\0>\0\1\0\0\0\0\0\0\0\0\0\0\0"..., 832) = 832
623   newfstatat(3, "", {st_mode=S_IFREG|0644, st_size=940560, ...}, AT_EMPTY_PATH) = 0
623   mmap(NULL, 942344, PROT_READ, MAP_PRIVATE|MAP_DENYWRITE, 3, 0) = 0x7ed098928000
623   mmap(0x7ed098936000, 507904, PROT_READ|PROT_EXEC, MAP_PRIVATE|MAP_FIXED|MAP_DENYWRITE, 3, 0xe000) = 0x7ed098936000
623   mmap(0x7ed0989b2000, 372736, PROT_READ, MAP_PRIVATE|MAP_FIXED|MAP_DENYWRITE, 3, 0x8a000) = 0x7ed0989b2000
623   mmap(0x7ed098a0d000, 8192, PROT_READ|PROT_WRITE, MAP_PRIVATE|MAP_FIXED|MAP_DENYWRITE, 3, 0xe4000) = 0x7ed098a0d000
623   close(3)                          = 0
623   openat(AT_FDCWD, "/lib/x86_64-linux-gnu/libc.so.6", O_RDONLY|O_CLOEXEC) = 3
623   read(3, "\177ELF\2\1\1\3\0\0\0\0\0\0\0\0\3\0>\0\1\0\0\0P\237\2\0\0\0\0\0"..., 832) = 832
623   pread64(3, "\6\0\0\0\4\0\0\0@\0\0\0\0\0\0\0@\0\0\0\0\0\0\0@\0\0\0\0\0\0\0"..., 784, 64) = 784
623   pread64(3, "\4\0\0\0 \0\0\0\5\0\0\0GNU\0\2\0\0\300\4\0\0\0\3\0\0\0\0\0\0\0"..., 48, 848) = 48
623   pread64(3, "\4\0\0\0\24\0\0\0\3\0\0\0GNU\0\325\31p\226\367\t\200\30)\261\30\257\33|\366c"..., 68, 896) = 68
623   newfstatat(3, "", {st_mode=S_IFREG|0755, st_size=2220400, ...}, AT_EMPTY_PATH) = 0
623   pread64(3, "\6\0\0\0\4\0\0\0@\0\0\0\0\0\0\0@\0\0\0\0\0\0\0@\0\0\0\0\0\0\0"..., 784, 64) = 784
623   mmap(NULL, 2264656, PROT_READ, MAP_PRIVATE|MAP_DENYWRITE, 3, 0) = 0x7ed0986ff000
623   mprotect(0x7ed098727000, 2023424, PROT_NONE) = 0
623   mmap(0x7ed098727000, 1658880, PROT_READ|PROT_EXEC, MAP_PRIVATE|MAP_FIXED|MAP_DENYWRITE, 3, 0x28000) = 0x7ed098727000
623   mmap(0x7ed0988bc000, 360448, PROT_READ, MAP_PRIVATE|MAP_FIXED|MAP_DENYWRITE, 3, 0x1bd000) = 0x7ed0988bc000
623   mmap(0x7ed098915000, 24576, PROT_READ|PROT_WRITE, MAP_PRIVATE|MAP_FIXED|MAP_DENYWRITE, 3, 0x215000) = 0x7ed098915000
623   mmap(0x7ed09891b000, 52816, PROT_READ|PROT_WRITE, MAP_PRIVATE|MAP_FIXED|MAP_ANONYMOUS, -1, 0) = 0x7ed09891b000
623   close(3)                          = 0
623   mmap(NULL, 12288, PROT_READ|PROT_WRITE, MAP_PRIVATE|MAP_ANONYMOUS, -1, 0) = 0x7ed0986fc000
623   arch_prctl(ARCH_SET_FS, 0x7ed0986fc740) = 0
623   set_tid_address(0x7ed0986fca10)   = 623
623   set_robust_list(0x7ed0986fca20, 24) = 0
623   rseq(0x7ed0986fd0e0, 0x20, 0, 0x53053053) = 0
623   mprotect(0x7ed098915000, 16384, PROT_READ) = 0
623   mprotect(0x7ed098a0d000, 4096, PROT_READ) = 0
623   mprotect(0x5e844db55000, 4096, PROT_READ) = 0
623   mprotect(0x7ed098a51000, 8192, PROT_READ) = 0
623   prlimit64(0, RLIMIT_STACK, NULL, {rlim_cur=8192*1024, rlim_max=RLIM64_INFINITY}) = 0
623   munmap(0x7ed098a0f000, 29392)     = 0
623   clone(child_stack=NULL, flags=CLONE_CHILD_CLEARTID|CLONE_CHILD_SETTID|SIGCHLD, child_tidptr=0x7ed0986fca10) = 624
623   clone(child_stack=NULL, flags=CLONE_CHILD_CLEARTID|CLONE_CHILD_SETTID|SIGCHLD <unfinished ...>
624   set_robust_list(0x7ed0986fca20, 24 <unfinished ...>
623   <... clone resumed>, child_tidptr=0x7ed0986fca10) = 625
624   <... set_robust_list resumed>)    = 0
623   wait4(-1,  <unfinished ...>
625   set_robust_list(0x7ed0986fca20, 24) = 0
624   exit_group(111)                   = ?
624   +++ exited with 111 +++
623   <... wait4 resumed>[{WIFEXITED(s) && WEXITSTATUS(s) == 111}], 0, NULL) = 624
623   --- SIGCHLD {si_signo=SIGCHLD, si_code=CLD_EXITED, si_pid=624, si_uid=1000, si_status=111, si_utime=0, si_stime=0} ---
623   wait4(-1,  <unfinished ...>
625   exit_group(46)                    = ?
625   +++ exited with 46 +++
623   <... wait4 resumed>[{WIFEXITED(s) && WEXITSTATUS(s) == 46}], 0, NULL) = 625
623   --- SIGCHLD {si_signo=SIGCHLD, si_code=CLD_EXITED, si_pid=625, si_uid=1000, si_status=46, si_utime=0, si_stime=0} ---
623   newfstatat(1, "", {st_mode=S_IFREG|0664, st_size=69, ...}, AT_EMPTY_PATH) = 0
623   getrandom("\x36\xc0\x80\xd4\x45\xf7\xd1\x84", 8, GRND_NONBLOCK) = 8
623   brk(NULL)                         = 0x5e844f767000
623   brk(0x5e844f788000)               = 0x5e844f788000
623   write(1, "Testcase 2 Expected: 157 Output:"..., 72) = 72
623   exit_group(0)                     = ?
623   +++ exited with 0 +++
