635   execve("./pprime", ["./pprime", "50000", "3"], 0x7ffd34476b28 /* 18 vars */) = 0
635   brk(NULL)                         = 0x5cd2054cb000
635   arch_prctl(0x3001 /* ARCH_??? */, 0x7fff1c0822e0) = -1 EINVAL (Invalid argument)
635   mmap(NULL, 8192, PROT_READ|PROT_WRITE, MAP_PRIVATE|MAP_ANONYMOUS, -1, 0) = 0x7b76addf5000
635   access("/etc/ld.so.preload", R_OK) = -1 ENOENT (No such file or directory)
635   openat(AT_FDCWD, "/etc/ld.so.cache", O_RDONLY|O_CLOEXEC) = 3
635   newfstatat(3, "", {st_mode=S_IFREG|0644, st_size=29392, ...}, AT_EMPTY_PATH) = 0
635   mmap(NULL, 29392, PROT_READ, MAP_PRIVATE, 3, 0) = 0x7b76added000
635   close(3)                          = 0
635   openat(AT_FDCWD, "/lib/x86_64-linux-gnu/libm.so.6", O_RDONLY|O_CLOEXEC) = 3
635   read(3, "\177ELF\2\1\1\3\0\0\0\0\0\0\0\0\3\0>\0\1\0\0\0\0\0\0\0\0\0\0\0"..., 832) = 832
635   newfstatat(3, "", {st_mode=S_IFREG|0644, st_size=940560, ...}, AT_EMPTY_PATH) = 0
635   mmap(NULL, 942344, PROT_READ, MAP_PRIVATE|MAP_DENYWRITE, 3, 0) = 0x7b76add06000
635   mmap(0x7b76add14000, 507904, PROT_READ|PROT_EXEC, MAP_PRIVATE|MAP_FIXED|MAP_DENYWRITE, 3, 0xe000) = 0x7b76add14000
635   mmap(0x7b76add90000, 372736, PROT_READ, MAP_PRIVATE|MAP_FIXED|MAP_DENYWRITE, 3, 0x8a000) = 0x7b76add90000
635   mmap(0x7b76addeb000, 8192, PROT_READ|PROT_WRITE, MAP_PRIVATE|MAP_FIXED|MAP_DENYWRITE, 3, 0xe4000) = 0x7b76addeb000
635   close(3)                          = 0
635   openat(AT_FDCWD, "/lib/x86_64-linux-gnu/libc.so.6", O_RDONLY|O_CLOEXEC) = 3
635   read(3, "\177ELF\2\1\1\3\0\0\0\0\0\0\0\0\3\0>\0\1\0\0\0P\237\2\0\0\0\0\0"..., 832) = 832
635   pread64(3, "\6\0\0\0\4\0\0\0@\0\0\0\0\0\0\0@\0\0\0\0\0\0\0@\0\0\0\0\0\0\0"..., 784, 64) = 784
635   pread64(3, "\4\0\0\0 \0\0\0\5\0\0\0GNU\0\2\0\0\300\4\0\0\0\3\0\0\0\0\0\0\0"..., 48, 848) = 48
635   pread64(3, "\4\0\0\0\24\0\0\0\3\0\0\0GNU\0\325\31p\226\367\t\200\30)\261\30\257\33|\366c"..., 68, 896) = 68
635   newfstatat(3, "", {st_mode=S_IFREG|0755, st_size=2220400, ...}, AT_EMPTY_PATH) = 0
635   pread64(3, "\6\0\0\0\4\0\0\0@\0\0\0\0\0\0\0@\0\0\0\0\0\0\0@\0\0\0\0\0\0\0"..., 784, 64) = 784
635   mmap(NULL, 2264656, PROT_READ, MAP_PRIVATE|MAP_DENYWRITE, 3, 0) = 0x7b76adadd000
635   mprotect(0x7b76adb05000, 2023424, PROT_NONE) = 0
635   mmap(0x7b76adb05000, 1658880, PROT_READ|PROT_EXEC, MAP_PRIVATE|MAP_FIXED|MAP_DENYWRITE, 3, 0x28000) = 0x7b76adb05000
635   mmap(0x7b76adc9a000, 360448, PROT_READ, MAP_PRIVATE|MAP_FIXED|MAP_DENYWRITE, 3, 0x1bd000) = 0x7b76adc9a000
635   mmap(0x7b76adcf3000, 24576, PROT_READ|PROT_WRITE, MAP_PRIVATE|MAP_FIXED|MAP_DENYWRITE, 3, 0x215000) = 0x7b76adcf3000
635   mmap(0x7b76adcf9000, 52816, PROT_READ|PROT_WRITE, MAP_PRIVATE|MAP_FIXED|MAP_ANONYMOUS, -1, 0) = 0x7b76adcf9000
635   close(3)                          = 0
635   mmap(NULL, 12288, PROT_READ|PROT_WRITE, MAP_PRIVATE|MAP_ANONYMOUS, -1, 0) = 0x7b76adada000
635   arch_prctl(ARCH_SET_FS, 0x7b76adada740) = 0
635   set_tid_address(0x7b76adadaa10)   = 635
635   set_robust_list(0x7b76adadaa20, 24) = 0
635   rseq(0x7b76adadb0e0, 0x20, 0, 0x53053053) = 0
635   mprotect(0x7b76adcf3000, 16384, PROT_READ) = 0
635   mprotect(0x7b76addeb000, 4096, PROT_READ) = 0
635   mprotect(0x5cd203699000, 4096, PROT_READ) = 0
635   mprotect(0x7b76ade2f000, 8192, PROT_READ) = 0
635   prlimit64(0, RLIMIT_STACK, NULL, {rlim_cur=8192*1024, rlim_max=RLIM64_INFINITY}) = 0
635   munmap(0x7b76added000, 29392)     = 0
635   clone(child_stack=NULL, flags=CLONE_CHILD_CLEARTID|CLONE_CHILD_SETTID|SIGCHLD, child_tidptr=0x7b76adadaa10) = 636
635   clone(child_stack=NULL, flags=CLONE_CHILD_CLEARTID|CLONE_CHILD_SETTID|SIGCHLD <unfinished ...>
636   set_robust_list(0x7b76adadaa20, 24) = 0
635   <... clone resumed>, child_tidptr=0x7b76adadaa10) = 637
635   wait4(-1,  <unfinished ...>
637   set_robust_list(0x7b76adadaa20, 24) = 0
636   exit_group(202)                   = ?
636   +++ exited with 202 +++
635   <... wait4 resumed>[{WIFEXITED(s) && WEXITSTATUS(s) == 202}], 0, NULL) = 636
635   --- SIGCHLD {si_signo=SIGCHLD, si_code=CLD_EXITED, si_pid=636, si_uid=1000, si_status=202, si_utime=0, si_stime=0} ---
635   wait4(-1,  <unfinished ...>
637   exit_group(67)                    = ?
637   +++ exited with 67 +++
635   <... wait4 resumed>[{WIFEXITED(s) && WEXITSTATUS(s) == 67}], 0, NULL) = 637
635   --- SIGCHLD {si_signo=SIGCHLD, si_code=CLD_EXITED, si_pid=637, si_uid=1000, si_status=67, si_utime=0, si_stime=0} ---
635   newfstatat(1, "", {st_mode=S_IFREG|0664, st_size=141, ...}, AT_EMPTY_PATH) = 0
635   getrandom("\x68\x93\x6b\x71\xef\x43\x06\x5a", 8, GRND_NONBLOCK) = 8
635   brk(NULL)                         = 0x5cd2054cb000
635   brk(0x5cd2054ec000)               = 0x5cd2054ec000
635   write(1, "Testcase 3 Expected: 13 Output: "..., 72) = 72
635   exit_group(0)                     = ?
635   +++ exited with 0 +++
