647   execve("./pprime", ["./pprime", "500000", "4"], 0x7ffc85f5f368 /* 18 vars */) = 0
647   brk(NULL)                         = 0x56e299a2d000
647   arch_prctl(0x3001 /* ARCH_??? */, 0x7ffefcb4e5e0) = -1 EINVAL (Invalid argument)
647   mmap(NULL, 8192, PROT_READ|PROT_WRITE, MAP_PRIVATE|MAP_ANONYMOUS, -1, 0) = 0x70ac93cb6000
647   access("/etc/ld.so.preload", R_OK) = -1 ENOENT (No such file or directory)
647   openat(AT_FDCWD, "/etc/ld.so.cache", O_RDONLY|O_CLOEXEC) = 3
647   newfstatat(3, "", {st_mode=S_IFREG|0644, st_size=29392, ...}, AT_EMPTY_PATH) = 0
647   mmap(NULL, 29392, PROT_READ, MAP_PRIVATE, 3, 0) = 0x70ac93cae000
647   close(3)                          = 0
647   openat(AT_FDCWD, "/lib/x86_64-linux-gnu/libm.so.6", O_RDONLY|O_CLOEXEC) = 3
647   read(3, "\177ELF\2\1\1\3\0\0\0\0\0\0\0\0\3\0>\0\1\0\0\0\0\0\0\0\0\0\0\0"..., 832) = 832
647   newfstatat(3, "", {st_mode=S_IFREG|0644, st_size=940560, ...}, AT_EMPTY_PATH) = 0
647   mmap(NULL, 942344, PROT_READ, MAP_PRIVATE|MAP_DENYWRITE, 3, 0) = 0x70ac93bc7000
647   mmap(0x70ac93bd5000, 507904, PROT_READ|PROT_EXEC, MAP_PRIVATE|MAP_FIXED|MAP_DENYWRITE, 3, 0xe000) = 0x70ac93bd5000
647   mmap(0x70ac93c51000, 372736, PROT_READ, MAP_PRIVATE|MAP_FIXED|MAP_DENYWRITE, 3, 0x8a000) = 0x70ac93c51000
647   mmap(0x70ac93cac000, 8192, PROT_READ|PROT_WRITE, MAP_PRIVATE|MAP_FIXED|MAP_DENYWRITE, 3, 0xe4000) = 0x70ac93cac000
647   close(3)                          = 0
647   openat(AT_FDCWD, "/lib/x86_64-linux-gnu/libc.so.6", O_RDONLY|O_CLOEXEC) = 3
647   read(3, "\177ELF\2\1\1\3\0\0\0\0\0\0\0\0\3\0>\0\1\0\0\0P\237\2\0\0\0\0\0"..., 832) = 832
647   pread64(3, "\6\0\0\0\4\0\0\0@\0\0\0\0\0\0\0@\0\0\0\0\0\0\0@\0\0\0\0\0\0\0"..., 784, 64) = 784
647   pread64(3, "\4\0\0\0 \0\0\0\5\0\0\0GNU\0\2\0\0\300\4\0\0\0\3\0\0\0\0\0\0\0"..., 48, 848) = 48
647   pread64(3, "\4\0\0\0\24\0\0\0\3\0\0\0GNU\0\325\31p\226\367\t\200\30)\261\30\257\33|\366c"..., 68, 896) = 68
647   newfstatat(3, "", {st_mode=S_IFREG|0755, st_size=2220400, ...}, AT_EMPTY_PATH) = 0
647   pread64(3, "\6\0\0\0\4\0\0\0@\0\0\0\0\0\0\0@\0\0\0\0\0\0\0@\0\0\0\0\0\0\0"..., 784, 64) = 784
647   mmap(NULL, 2264656, PROT_READ, MAP_PRIVATE|MAP_DENYWRITE, 3, 0) = 0x70ac9399e000
647   mprotect(0x70ac939c6000, 2023424, PROT_NONE) = 0
647   mmap(0x70ac939c6000, 1658880, PROT_READ|PROT_EXEC, MAP_PRIVATE|MAP_FIXED|MAP_DENYWRITE, 3, 0x28000) = 0x70ac939c6000
647   mmap(0x70ac93b5b000, 360448, PROT_READ, MAP_PRIVATE|MAP_FIXED|MAP_DENYWRITE, 3, 0x1bd000) = 0x70ac93b5b000
647   mmap(0x70ac93bb4000, 24576, PROT_READ|PROT_WRITE, MAP_PRIVATE|MAP_FIXED|MAP_DENYWRITE, 3, 0x215000) = 0x70ac93bb4000
647   mmap(0x70ac93bba000, 52816, PROT_READ|PROT_WRITE, MAP_PRIVATE|MAP_FIXED|MAP_ANONYMOUS, -1, 0) = 0x70ac93bba000
647   close(3)                          = 0
647   mmap(NULL, 12288, PROT_READ|PROT_WRITE, MAP_PRIVATE|MAP_ANONYMOUS, -1, 0) = 0x70ac9399b000
647   arch_prctl(ARCH_SET_FS, 0x70ac9399b740) = 0
647   set_tid_address(0x70ac9399ba10)   = 647
647   set_robust_list(0x70ac9399ba20, 24) = 0
647   rseq(0x70ac9399c0e0, 0x20, 0, 0x53053053) = 0
647   mprotect(0x70ac93bb4000, 16384, PROT_READ) = 0
647   mprotect(0x70ac93cac000, 4096, PROT_READ) = 0
647   mprotect(0x56e297b99000, 4096, PROT_READ) = 0
647   mprotect(0x70ac93cf0000, 8192, PROT_READ) = 0
647   prlimit64(0, RLIMIT_STACK, NULL, {rlim_cur=8192*1024, rlim_max=RLIM64_INFINITY}) = 0
647   munmap(0x70ac93cae000, 29392)     = 0
647   clone(child_stack=NULL, flags=CLONE_CHILD_CLEARTID|CLONE_CHILD_SETTID|SIGCHLD, child_tidptr=0x70ac9399ba10) = 648
647   clone(child_stack=NULL, flags=CLONE_CHILD_CLEARTID|CLONE_CHILD_SETTID|SIGCHLD <unfinished ...>
648   set_robust_list(0x70ac9399ba20, 24) = 0
647   <... clone resumed>, child_tidptr=0x70ac9399ba10) = 649
647   wait4(-1,  <unfinished ...>
649   set_robust_list(0x70ac9399ba20, 24) = 0
648   exit_group(28)                    = ?
648   +++ exited with 28 +++
647   <... wait4 resumed>[{WIFEXITED(s) && WEXITSTATUS(s) == 28}], 0, NULL) = 648
647   --- SIGCHLD {si_signo=SIGCHLD, si_code=CLD_EXITED, si_pid=648, si_uid=1000, si_status=28, si_utime=2, si_stime=0} ---
647   wait4(-1,  <unfinished ...>
649   exit_group(38)                    = ?
649   +++ exited with 38 +++
647   <... wait4 resumed>[{WIFEXITED(s) && WEXITSTATUS(s) == 38}], 0, NULL) = 649
647   --- SIGCHLD {si_signo=SIGCHLD, si_code=CLD_EXITED, si_pid=649, si_uid=1000, si_status=38, si_utime=3, si_stime=0} ---
647   newfstatat(1, "", {st_mode=S_IFREG|0664, st_size=213, ...}, AT_EMPTY_PATH) = 0
647   getrandom("\x84\x5f\xb2\xaa\x85\xca\xb2\x8d", 8, GRND_NONBLOCK) = 8
647   brk(NULL)                         = 0x56e299a2d000
647   brk(0x56e299a4e000)               = 0x56e299a4e000
647   write(1, "Testcase 4 Expected: 66 Output: "..., 74) = 74
647   exit_group(0)                     = ?
647   +++ exited with 0 +++
