659   execve("./pprime", ["./pprime", "5000000", "5"], 0x7ffe63119508 /* 18 vars */) = 0
659   brk(NULL)                         = 0x63747c9a7000
659   arch_prctl(0x3001 /* ARCH_??? */, 0x7ffd948c47b0) = -1 EINVAL (Invalid argument)
659   mmap(NULL, 8192, PROT_READ|PROT_WRITE, MAP_PRIVATE|MAP_ANONYMOUS, -1, 0) = 0x755419083000
659   access("/etc/ld.so.preload", R_OK) = -1 ENOENT (No such file or directory)
659   openat(AT_FDCWD, "/etc/ld.so.cache", O_RDONLY|O_CLOEXEC) = 3
659   newfstatat(3, "", {st_mode=S_IFREG|0644, st_size=29392, ...}, AT_EMPTY_PATH) = 0
659   mmap(NULL, 29392, PROT_READ, MAP_PRIVATE, 3, 0) = 0x75541907b000
659   close(3)                          = 0
659   openat(AT_FDCWD, "/lib/x86_64-linux-gnu/libm.so.6", O_RDONLY|O_CLOEXEC) = 3
659   read(3, "\177ELF\2\1\1\3\0\0\0\0\0\0\0\0\3\0>\0\1\0\0\0\0\0\0\0\0\0\0\0"..., 832) = 832
659   newfstatat(3, "", {st_mode=S_IFREG|0644, st_size=940560, ...}, AT_EMPTY_PATH) = 0
659   mmap(NULL, 942344, PROT_READ, MAP_PRIVATE|MAP_DENYWRITE, 3, 0) = 0x755418f94000
659   mmap(0x755418fa2000, 507904, PROT_READ|PROT_EXEC, MAP_PRIVATE|MAP_FIXED|MAP_DENYWRITE, 3, 0xe000) = 0x755418fa2000
659   mmap(0x75541901e000, 372736, PROT_READ, MAP_PRIVATE|MAP_FIXED|MAP_DENYWRITE, 3, 0x8a000) = 0x75541901e000
659   mmap(0x755419079000, 8192, PROT_READ|PROT_WRITE, MAP_PRIVATE|MAP_FIXED|MAP_DENYWRITE, 3, 0xe4000) = 0x755419079000
659   close(3)                          = 0
659   openat(AT_FDCWD, "/lib/x86_64-linux-gnu/libc.so.6", O_RDONLY|O_CLOEXEC) = 3
659   read(3, "\177ELF\2\1\1\3\0\0\0\0\0\0\0\0\3\0>\0\1\0\0\0P\237\2\0\0\0\0\0"..., 832) = 832
659   pread64(3, "\6\0\0\0\4\0\0\0@\0\0\0\0\0\0\0@\0\0\0\0\0\0\0@\0\0\0\0\0\0\0"..., 784, 64) = 784
659   pread64(3, "\4\0\0\0 \0\0\0\5\0\0\0GNU\0\2\0\0\300\4\0\0\0\3\0\0\0\0\0\0\0"..., 48, 848) = 48
659   pread64(3, "\4\0\0\0\24\0\0\0\3\0\0\0GNU\0\325\31p\226\367\t\200\30)\261\30\257\33|\366c"..., 68, 896) = 68
659   newfstatat(3, "", {st_mode=S_IFREG|0755, st_size=2220400, ...}, AT_EMPTY_PATH) = 0
659   pread64(3, "\6\0\0\0\4\0\0\0@\0\0\0\0\0\0\0@\0\0\0\0\0\0\0@\0\0\0\0\0\0\0"..., 784, 64) = 784
659   mmap(NULL, 2264656, PROT_READ, MAP_PRIVATE|MAP_DENYWRITE, 3, 0) = 0x755418d6b000
659   mprotect(0x755418d93000, 2023424, PROT_NONE) = 0
659   mmap(0x755418d93000, 1658880, PROT_READ|PROT_EXEC, MAP_PRIVATE|MAP_FIXED|MAP_DENYWRITE, 3, 0x28000) = 0x755418d93000
659   mmap(0x755418f28000, 360448, PROT_READ, MAP_PRIVATE|MAP_FIXED|MAP_DENYWRITE, 3, 0x1bd000) = 0x755418f28000
659   mmap(0x755418f81000, 24576, PROT_READ|PROT_WRITE, MAP_PRIVATE|MAP_FIXED|MAP_DENYWRITE, 3, 0x215000) = 0x755418f81000
659   mmap(0x755418f87000, 52816, PROT_READ|PROT_WRITE, MAP_PRIVATE|MAP_FIXED|MAP_ANONYMOUS, -1, 0) = 0x755418f87000
659   close(3)                          = 0
659   mmap(NULL, 12288, PROT_READ|PROT_WRITE, MAP_PRIVATE|MAP_ANONYMOUS, -1, 0) = 0x755418d68000
659   arch_prctl(ARCH_SET_FS, 0x755418d68740) = 0
659   set_tid_address(0x755418d68a10)   = 659
659   set_robust_list(0x755418d68a20, 24) = 0
659   rseq(0x755418d690e0, 0x20, 0, 0x53053053) = 0
659   mprotect(0x755418f81000, 16384, PROT_READ) = 0
659   mprotect(0x755419079000, 4096, PROT_READ) = 0
659   mprotect(0x63747b533000, 4096, PROT_READ) = 0
659   mprotect(0x7554190bd000, 8192, PROT_READ) = 0
659   prlimit64(0, RLIMIT_STACK, NULL, {rlim_cur=8192*1024, rlim_max=RLIM64_INFINITY}) = 0
659   munmap(0x75541907b000, 29392)     = 0
659   clone(child_stack=NULL, flags=CLONE_CHILD_CLEARTID|CLONE_CHILD_SETTID|SIGCHLD, child_tidptr=0x755418d68a10) = 660
659   clone(child_stack=NULL, flags=CLONE_CHILD_CLEARTID|CLONE_CHILD_SETTID|SIGCHLD, child_tidptr=0x755418d68a10) = 661
659   wait4(-1,  <unfinished ...>
661   set_robust_list(0x755418d68a20, 24) = 0
660   set_robust_list(0x755418d68a20, 24) = 0
660   exit_group(32)                    = ?
660   +++ exited with 32 +++
659   <... wait4 resumed>[{WIFEXITED(s) && WEXITSTATUS(s) == 32}], 0, NULL) = 660
659   --- SIGCHLD {si_signo=SIGCHLD, si_code=CLD_EXITED, si_pid=660, si_uid=1000, si_status=32, si_utime=49, si_stime=0} ---
659   wait4(-1,  <unfinished ...>
661   exit_group(65)                    = ?
661   +++ exited with 65 +++
659   <... wait4 resumed>[{WIFEXITED(s) && WEXITSTATUS(s) == 65}], 0, NULL) = 661
659   --- SIGCHLD {si_signo=SIGCHLD, si_code=CLD_EXITED, si_pid=661, si_uid=1000, si_status=65, si_utime=80, si_stime=0} ---
659   newfstatat(1, "", {st_mode=S_IFREG|0664, st_size=287, ...}, AT_EMPTY_PATH) = 0
659   getrandom("\xb9\x30\x91\x7b\xc5\x4c\xef\x64", 8, GRND_NONBLOCK) = 8
659   brk(NULL)                         = 0x63747c9a7000
659   brk(0x63747c9c8000)               = 0x63747c9c8000
659   write(1, "Testcase 5 Expected: 97 Output: "..., 77) = 77
659   exit_group(0)                     = ?
659   +++ exited with 0 +++
