886   execve("./cprime", ["./cprime", "500000", "2", "1"], 0x7ffda8858ea0 /* 18 vars */) = 0
886   brk(NULL)                         = 0x55631f248000
886   arch_prctl(0x3001 /* ARCH_??? */, 0x7ffd83485f80) = -1 EINVAL (Invalid argument)
886   mmap(NULL, 8192, PROT_READ|PROT_WRITE, MAP_PRIVATE|MAP_ANONYMOUS, -1, 0) = 0x762418b0e000
886   access("/etc/ld.so.preload", R_OK) = -1 ENOENT (No such file or directory)
886   openat(AT_FDCWD, "/etc/ld.so.cache", O_RDONLY|O_CLOEXEC) = 3
886   newfstatat(3, "", {st_mode=S_IFREG|0644, st_size=29392, ...}, AT_EMPTY_PATH) = 0
886   mmap(NULL, 29392, PROT_READ, MAP_PRIVATE, 3, 0) = 0x762418b06000
886   close(3)                          = 0
886   openat(AT_FDCWD, "/lib/x86_64-linux-gnu/libm.so.6", O_RDONLY|O_CLOEXEC) = 3
886   read(3, "\177ELF\2\1\1\3\0\0\0\0\0\0\0\0\3\0>\0\1\0\0\0\0\0\0\0\0\0\0\0"..., 832) = 832
886   newfstatat(3, "", {st_mode=S_IFREG|0644, st_size=940560, ...}, AT_EMPTY_PATH) = 0
886   mmap(NULL, 942344, PROT_READ, MAP_PRIVATE|MAP_DENYWRITE, 3, 0) = 0x762418a1f000
886   mmap(0x762418a2d000, 507904, PROT_READ|PROT_EXEC, MAP_PRIVATE|MAP_FIXED|MAP_DENYWRITE, 3, 0xe000) = 0x762418a2d000
886   mmap(0x762418aa9000, 372736, PROT_READ, MAP_PRIVATE|MAP_FIXED|MAP_DENYWRITE, 3, 0x8a000) = 0x762418aa9000
886   mmap(0x762418b04000, 8192, PROT_READ|PROT_WRITE, MAP_PRIVATE|MAP_FIXED|MAP_DENYWRITE, 3, 0xe4000) = 0x762418b04000
886   close(3)                          = 0
886   openat(AT_FDCWD, "/lib/x86_64-linux-gnu/libc.so.6", O_RDONLY|O_CLOEXEC) = 3
886   read(3, "\177ELF\2\1\1\3\0\0\0\0\0\0\0\0\3\0>\0\1\0\0\0P\237\2\0\0\0\0\0"..., 832) = 832
886   pread64(3, "\6\0\0\0\4\0\0\0@\0\0\0\0\0\0\0@\0\0\0\0\0\0\0@\0\0\0\0\0\0\0"..., 784, 64) = 784
886   pread64(3, "\4\0\0\0 \0\0\0\5\0\0\0GNU\0\2\0\0\300\4\0\0\0\3\0\0\0\0\0\0\0"..., 48, 848) = 48
886   pread64(3, "\4\0\0\0\24\0\0\0\3\0\0\0GNU\0\325\31p\226\367\t\200\30)\261\30\257\33|\366c"..., 68, 896) = 68
886   newfstatat(3, "", {st_mode=S_IFREG|0755, st_size=2220400, ...}, AT_EMPTY_PATH) = 0
886   pread64(3, "\6\0\0\0\4\0\0\0@\0\0\0\0\0\0\0@\0\0\0\0\0\0\0@\0\0\0\0\0\0\0"..., 784, 64) = 784
886   mmap(NULL, 2264656, PROT_READ, MAP_PRIVATE|MAP_DENYWRITE, 3, 0) = 0x7624187f6000
886   mprotect(0x76241881e000, 2023424, PROT_NONE) = 0
886   mmap(0x76241881e000, 1658880, PROT_READ|PROT_EXEC, MAP_PRIVATE|MAP_FIXED|MAP_DENYWRITE, 3, 0x28000) = 0x76241881e000
886   mmap(0x7624189b3000, 360448, PROT_READ, MAP_PRIVATE|MAP_FIXED|MAP_DENYWRITE, 3, 0x1bd000) = 0x7624189b3000
886   mmap(0x762418a0c000, 24576, PROT_READ|PROT_WRITE, MAP_PRIVATE|MAP_FIXED|MAP_DENYWRITE, 3, 0x215000) = 0x762418a0c000
886   mmap(0x762418a12000, 52816, PROT_READ|PROT_WRITE, MAP_PRIVATE|MAP_FIXED|MAP_ANONYMOUS, -1, 0) = 0x762418a12000
886   close(3)                          = 0
886   mmap(NULL, 12288, PROT_READ|PROT_WRITE, MAP_PRIVATE|MAP_ANONYMOUS, -1, 0) = 0x7624187f3000
886   arch_prctl(ARCH_SET_FS, 0x7624187f3740) = 0
886   set_tid_address(0x7624187f3a10)   = 886
886   set_robust_list(0x7624187f3a20, 24) = 0
886   rseq(0x7624187f40e0, 0x20, 0, 0x53053053) = 0
886   mprotect(0x762418a0c000, 16384, PROT_READ) = 0
886   mprotect(0x762418b04000, 4096, PROT_READ) = 0
886   mprotect(0x55631d846000, 4096, PROT_READ) = 0
886   mprotect(0x762418b48000, 8192, PROT_READ) = 0
886   prlimit64(0, RLIMIT_STACK, NULL, {rlim_cur=8192*1024, rlim_max=RLIM64_INFINITY}) = 0
886   munmap(0x762418b06000, 29392)     = 0
886   pipe([3, 4])                      = 0
886   clone(child_stack=NULL, flags=CLONE_CHILD_CLEARTID|CLONE_CHILD_SETTID|SIGCHLD, child_tidptr=0x7624187f3a10) = 887
886   pipe([5, 6])                      = 0
886   clone(child_stack=NULL, flags=CLONE_CHILD_CLEARTID|CLONE_CHILD_SETTID|SIGCHLD, child_tidptr=0x7624187f3a10) = 888
886   wait4(-1,  <unfinished ...>
887   set_robust_list(0x7624187f3a20, 24) = 0
888   set_robust_list(0x7624187f3a20, 24) = 0
887   write(4, "\34V\0\0", 4)           = 4
887   exit_group(1)                     = ?
887   +++ exited with 1 +++
886   <... wait4 resumed>[{WIFEXITED(s) && WEXITSTATUS(s) == 1}], 0, NULL) = 887
886   --- SIGCHLD {si_signo=SIGCHLD, si_code=CLD_EXITED, si_pid=887, si_uid=1000, si_status=1, si_utime=2, si_stime=0} ---
886   read(3, "\34V\0\0", 4)            = 4
886   wait4(-1,  <unfinished ...>
888   write(6, "&L\0\0", 4)             = 4
888   exit_group(2)                     = ?
888   +++ exited with 2 +++
886   <... wait4 resumed>[{WIFEXITED(s) && WEXITSTATUS(s) == 2}], 0, NULL) = 888
886   --- SIGCHLD {si_signo=SIGCHLD, si_code=CLD_EXITED, si_pid=888, si_uid=1000, si_status=2, si_utime=3, si_stime=0} ---
886   read(5, "&L\0\0", 4)              = 4
886   newfstatat(1, "", {st_mode=S_IFREG|0664, st_size=0, ...}, AT_EMPTY_PATH) = 0
886   getrandom("\xf4\x52\x9f\xd5\x55\x85\x83\x9e", 8, GRND_NONBLOCK) = 8
886   brk(NULL)                         = 0x55631f248000
886   brk(0x55631f269000)               = 0x55631f269000
886   write(1, "Testcase: 1 numP: 2 Expected: 41"..., 89) = 89
886   exit_group(0)                     = ?
886   +++ exited with 0 +++
