939   execve("./cprime", ["./cprime", "5000000", "4", "4"], 0x7ffe175f6120 /* 18 vars */) = 0
939   brk(NULL)                         = 0x602396a36000
939   arch_prctl(0x3001 /* ARCH_??? */, 0x7ffda02aba90) = -1 EINVAL (Invalid argument)
939   mmap(NULL, 8192, PROT_READ|PROT_WRITE, MAP_PRIVATE|MAP_ANONYMOUS, -1, 0) = 0x79a54b91b000
939   access("/etc/ld.so.preload", R_OK) = -1 ENOENT (No such file or directory)
939   openat(AT_FDCWD, "/etc/ld.so.cache", O_RDONLY|O_CLOEXEC) = 3
939   newfstatat(3, "", {st_mode=S_IFREG|0644, st_size=29392, ...}, AT_EMPTY_PATH) = 0
939   mmap(NULL, 29392, PROT_READ, MAP_PRIVATE, 3, 0) = 0x79a54b913000
939   close(3)                          = 0
939   openat(AT_FDCWD, "/lib/x86_64-linux-gnu/libm.so.6", O_RDONLY|O_CLOEXEC) = 3
939   read(3, "\177ELF\2\1\1\3\0\0\0\0\0\0\0\0\3\0>\0\1\0\0\0\0\0\0\0\0\0\0\0"..., 832) = 832
939   newfstatat(3, "", {st_mode=S_IFREG|0644, st_size=940560, ...}, AT_EMPTY_PATH) = 0
939   mmap(NULL, 942344, PROT_READ, MAP_PRIVATE|MAP_DENYWRITE, 3, 0) = 0x79a54b82c000
939   mmap(0x79a54b83a000, 507904, PROT_READ|PROT_EXEC, MAP_PRIVATE|MAP_FIXED|MAP_DENYWRITE, 3, 0xe000) = 0x79a54b83a000
939   mmap(0x79a54b8b6000, 372736, PROT_READ, MAP_PRIVATE|MAP_FIXED|MAP_DENYWRITE, 3, 0x8a000) = 0x79a54b8b6000
939   mmap(0x79a54b911000, 8192, PROT_READ|PROT_WRITE, MAP_PRIVATE|MAP_FIXED|MAP_DENYWRITE, 3, 0xe4000) = 0x79a54b911000
939   close(3)                          = 0
939   openat(AT_FDCWD, "/lib/x86_64-linux-gnu/libc.so.6", O_RDONLY|O_CLOEXEC) = 3
939   read(3, "\177ELF\2\1\1\3\0\0\0\0\0\0\0\0\3\0>\0\1\0\0\0P\237\2\0\0\0\0\0"..., 832) = 832
939   pread64(3, "\6\0\0\0\4\0\0\0@\0\0\0\0\0\0\0@\0\0\0\0\0\0\0@\0\0\0\0\0\0\0"..., 784, 64) = 784
939   pread64(3, "\4\0\0\0 \0\0\0\5\0\0\0GNU\0\2\0\0\300\4\0\0\0\3\0\0\0\0\0\0\0"..., 48, 848) = 48
939   pread64(3, "\4\0\0\0\24\0\0\0\3\0\0\0GNU\0\325\31p\226\367\t\200\30)\261\30\257\33|\366c"..., 68, 896) = 68
939   newfstatat(3, "", {st_mode=S_IFREG|0755, st_size=2220400, ...}, AT_EMPTY_PATH) = 0
939   pread64(3, "\6\0\0\0\4\0\0\0@\0\0\0\0\0\0\0@\0\0\0\0\0\0\0@\0\0\0\0\0\0\0"..., 784, 64) = 784
939   mmap(NULL, 2264656, PROT_READ, MAP_PRIVATE|MAP_DENYWRITE, 3, 0) = 0x79a54b603000
939   mprotect(0x79a54b62b000, 2023424, PROT_NONE) = 0
939   mmap(0x79a54b62b000, 1658880, PROT_READ|PROT_EXEC, MAP_PRIVATE|MAP_FIXED|MAP_DENYWRITE, 3, 0x28000) = 0x79a54b62b000
939   mmap(0x79a54b7c0000, 360448, PROT_READ, MAP_PRIVATE|MAP_FIXED|MAP_DENYWRITE, 3, 0x1bd000) = 0x79a54b7c0000
939   mmap(0x79a54b819000, 24576, PROT_READ|PROT_WRITE, MAP_PRIVATE|MAP_FIXED|MAP_DENYWRITE, 3, 0x215000) = 0x79a54b819000
939   mmap(0x79a54b81f000, 52816, PROT_READ|PROT_WRITE, MAP_PRIVATE|MAP_FIXED|MAP_ANONYMOUS, -1, 0) = 0x79a54b81f000
939   close(3)                          = 0
939   mmap(NULL, 12288, PROT_READ|PROT_WRITE, MAP_PRIVATE|MAP_ANONYMOUS, -1, 0) = 0x79a54b600000
939   arch_prctl(ARCH_SET_FS, 0x79a54b600740) = 0
939   set_tid_address(0x79a54b600a10)   = 939
939   set_robust_list(0x79a54b600a20, 24) = 0
939   rseq(0x79a54b6010e0, 0x20, 0, 0x53053053) = 0
939   mprotect(0x79a54b819000, 16384, PROT_READ) = 0
939   mprotect(0x79a54b911000, 4096, PROT_READ) = 0
939   mprotect(0x602396890000, 4096, PROT_READ) = 0
939   mprotect(0x79a54b955000, 8192, PROT_READ) = 0
939   prlimit64(0, RLIMIT_STACK, NULL, {rlim_cur=8192*1024, rlim_max=RLIM64_INFINITY}) = 0
939   munmap(0x79a54b913000, 29392)     = 0
939   pipe([3, 4])                      = 0
939   clone(child_stack=NULL, flags=CLONE_CHILD_CLEARTID|CLONE_CHILD_SETTID|SIGCHLD, child_tidptr=0x79a54b600a10) = 940
939   pipe([5, 6])                      = 0
939   clone(child_stack=NULL, flags=CLONE_CHILD_CLEARTID|CLONE_CHILD_SETTID|SIGCHLD <unfinished ...>
940   set_robust_list(0x79a54b600a20, 24) = 0
939   <... clone resumed>, child_tidptr=0x79a54b600a10) = 941
939   pipe([7, 8])                      = 0
939   clone(child_stack=NULL, flags=CLONE_CHILD_CLEARTID|CLONE_CHILD_SETTID|SIGCHLD, child_tidptr=0x79a54b600a10) = 942
939   pipe([9, 10])                     = 0
939   clone(child_stack=NULL, flags=CLONE_CHILD_CLEARTID|CLONE_CHILD_SETTID|SIGCHLD, child_tidptr=0x79a54b600a10) = 943
941   set_robust_list(0x79a54b600a20, 24 <unfinished ...>
939   wait4(-1,  <unfinished ...>
941   <... set_robust_list resumed>)    = 0
942   set_robust_list(0x79a54b600a20, 24) = 0
943   set_robust_list(0x79a54b600a20, 24) = 0
940   write(4, "\325x\1\0", 4)          = 4
940   exit_group(1)                     = ?
940   +++ exited with 1 +++
939   <... wait4 resumed>[{WIFEXITED(s) && WEXITSTATUS(s) == 1}], 0, NULL) = 940
939   --- SIGCHLD {si_signo=SIGCHLD, si_code=CLD_EXITED, si_pid=940, si_uid=1000, si_status=1, si_utime=18, si_stime=0} ---
939   read(3, "\325x\1\0", 4)           = 4
939   wait4(-1,  <unfinished ...>
941   write(6, "KR\1\0", 4)             = 4
941   exit_group(2)                     = ?
941   +++ exited with 2 +++
939   <... wait4 resumed>[{WIFEXITED(s) && WEXITSTATUS(s) == 2}], 0, NULL) = 941
939   --- SIGCHLD {si_signo=SIGCHLD, si_code=CLD_EXITED, si_pid=941, si_uid=1000, si_status=2, si_utime=30, si_stime=0} ---
939   read(5, "KR\1\0", 4)              = 4
939   wait4(-1,  <unfinished ...>
942   write(8, "\275F\1\0", 4)          = 4
942   exit_group(3)                     = ?
942   +++ exited with 3 +++
939   <... wait4 resumed>[{WIFEXITED(s) && WEXITSTATUS(s) == 3}], 0, NULL) = 942
939   --- SIGCHLD {si_signo=SIGCHLD, si_code=CLD_EXITED, si_pid=942, si_uid=1000, si_status=3, si_utime=38, si_stime=0} ---
939   read(7, "\275F\1\0", 4)           = 4
939   wait4(-1,  <unfinished ...>
943   write(10, "\204?\1\0", 4)         = 4
943   exit_group(4)                     = ?
943   +++ exited with 4 +++
939   <... wait4 resumed>[{WIFEXITED(s) && WEXITSTATUS(s) == 4}], 0, NULL) = 943
939   --- SIGCHLD {si_signo=SIGCHLD, si_code=CLD_EXITED, si_pid=943, si_uid=1000, si_status=4, si_utime=43, si_stime=0} ---
939   read(9, "\204?\1\0", 4)           = 4
939   newfstatat(1, "", {st_mode=S_IFREG|0664, st_size=266, ...}, AT_EMPTY_PATH) = 0
939   getrandom("\x42\x33\x79\x34\x8b\x7c\x24\x46", 8, GRND_NONBLOCK) = 8
939   brk(NULL)                         = 0x602396a36000
939   brk(0x602396a57000)               = 0x602396a57000
939   write(1, "Testcase: 4 numP: 4 Expected: 34"..., 94) = 94
939   exit_group(0)                     = ?
939   +++ exited with 0 +++
